\BOOKMARK [0][-]{section*.2}{\376\377\006\101\006\107\006\061\006\063\006\052\000\040\006\052\006\065\006\047\006\110\006\314\006\061}{}% 1
\BOOKMARK [0][-]{section*.3}{\376\377\006\101\006\107\006\061\006\063\006\052\000\040\006\054\006\057\006\047\006\110\006\104}{}% 2
\BOOKMARK [0][-]{chapter.1}{\376\377\006\176\006\314\006\064\040\012\006\257\006\101\006\052\006\047\006\061}{}% 3
\BOOKMARK [1][-]{section.1.1}{\376\377\006\105\006\102\006\057\006\105\006\107}{chapter.1}% 4
\BOOKMARK [1][-]{section.1.2}{\376\377\006\050\006\314\006\047\006\106\000\040\006\105\006\063\006\046\006\104\006\107}{chapter.1}% 5
\BOOKMARK [1][-]{section.1.3}{\376\377\006\047\006\107\006\057\006\047\006\101\000\040\006\176\006\230\006\110\006\107\006\064}{chapter.1}% 6
\BOOKMARK [1][-]{section.1.4}{\376\377\006\101\006\061\006\066\006\314\006\107\040\014\006\107\006\047\006\314\000\040\006\176\006\230\006\110\006\107\006\064}{chapter.1}% 7
\BOOKMARK [1][-]{section.1.5}{\376\377\006\063\006\110\006\047\006\104\040\014\006\107\006\047\006\314\000\040\006\176\006\230\006\110\006\107\006\064}{chapter.1}% 8
\BOOKMARK [1][-]{section.1.6}{\376\377\006\106\006\110\006\042\006\110\006\061\006\314\040\014\006\107\006\047\000\040\006\110\000\040\006\063\006\107\006\105\000\040\006\176\006\230\006\110\006\107\006\064}{chapter.1}% 9
\BOOKMARK [1][-]{section.1.7}{\376\377\006\063\006\047\006\056\006\052\006\047\006\061\000\040\006\176\006\047\006\314\006\047\006\106\000\040\006\106\006\047\006\105\006\107}{chapter.1}% 10
\BOOKMARK [0][-]{chapter.2}{\376\377\006\105\006\061\006\110\006\061\006\314\000\040\006\050\006\061\000\040\006\176\006\230\006\110\006\107\006\064\040\012\006\107\006\047\006\314\000\040\006\047\006\106\006\054\006\047\006\105\040\012\006\064\006\057\006\107}{}% 11
\BOOKMARK [1][-]{section.2.1}{\376\377\006\105\006\102\006\057\006\105\006\107}{chapter.2}% 12
\BOOKMARK [1][-]{section.2.2}{\376\377\006\047\006\057\006\050\006\314\006\047\006\052\000\040\006\176\006\230\006\110\006\107\006\064}{chapter.2}% 13
\BOOKMARK [2][-]{subsection.2.2.1}{\376\377\006\063\006\314\006\063\006\052\006\105\000\040\006\257\006\101\006\052\006\257\006\110}{section.2.2}% 14
\BOOKMARK [2][-]{subsection.2.2.2}{\376\377\006\063\006\314\006\063\006\052\006\105\000\040\006\257\006\101\006\052\006\257\006\110\006\314\000\040\006\110\006\070\006\314\006\101\006\107\040\014\006\257\006\061\006\047}{section.2.2}% 15
\BOOKMARK [2][-]{subsection.2.2.3}{\376\377\006\052\006\106\006\070\006\314\006\105\000\040\006\063\006\061\006\314\006\071}{section.2.2}% 16
\BOOKMARK [2][-]{subsection.2.2.4}{\376\377\006\106\006\105\006\047\006\257\006\061\040\014\006\063\006\047\006\062\006\314\000\040\006\251\006\047\006\061\006\050\006\061}{section.2.2}% 17
\BOOKMARK [2][-]{subsection.2.2.5}{\376\377\006\064\006\061\006\110\006\071\000\040\006\063\006\061\006\057}{section.2.2}% 18
\BOOKMARK [2][-]{subsection.2.2.6}{\376\377\006\101\006\314\006\104\006\052\006\061\006\063\006\047\006\062\006\314\000\040\006\105\006\050\006\052\006\106\006\314\000\040\006\050\006\061\000\040\006\042\006\314\006\052\006\105}{section.2.2}% 19
\BOOKMARK [2][-]{subsection.2.2.7}{\376\377\006\052\006\055\006\104\006\314\006\104\000\040\006\047\006\055\006\063\006\047\006\063\006\047\006\052}{section.2.2}% 20
\BOOKMARK [2][-]{subsection.2.2.8}{\376\377\006\055\006\102\000\040\006\101\006\061\006\047\006\105\006\110\006\064\006\314}{section.2.2}% 21
\BOOKMARK [2][-]{subsection.2.2.9}{\376\377\006\314\006\047\006\057\006\257\006\314\006\061\006\314\000\040\006\206\006\106\006\057\000\040\006\064\006\047\006\052}{section.2.2}% 22
\BOOKMARK [2][-]{subsection.2.2.10}{\376\377\006\314\006\047\006\057\006\257\006\314\006\061\006\314\000\040\006\050\006\057\006\110\006\106\000\040\006\064\006\047\006\052}{section.2.2}% 23
\BOOKMARK [1][-]{section.2.3}{\376\377\006\105\006\061\006\110\006\061\006\314\000\040\006\050\006\061\006\176\006\314\006\064\006\314\006\106\006\107\000\040\006\176\006\230\006\110\006\107\006\064}{chapter.2}% 24
\BOOKMARK [2][-]{subsection.2.3.1}{\376\377\006\063\006\314\006\063\006\052\006\105\040\012\006\107\006\047\006\314\000\040\006\257\006\101\006\052\006\257\006\110}{section.2.3}% 25
\BOOKMARK [3][-]{subsubsection.2.3.1.1}{\376\377\006\063\006\314\006\063\006\052\006\105\040\012\006\107\006\047\006\314\000\040\006\257\006\101\006\052\006\257\006\110\006\314\000\040\006\110\006\070\006\314\006\101\006\107\000\040\006\257\006\061\006\047}{subsection.2.3.1}% 26
\BOOKMARK [3][-]{subsubsection.2.3.1.2}{\376\377\006\063\006\314\006\063\006\052\006\105\000\040\006\257\006\101\006\052\006\257\006\110\006\314\000\040\006\057\006\047\006\105\006\106\006\107\000\040\006\050\006\047\006\062}{subsection.2.3.1}% 27
\BOOKMARK [2][-]{subsection.2.3.2}{\376\377\006\052\006\106\006\070\006\314\006\105\000\040\006\063\006\061\006\314\006\071\000\040\006\110\000\040\006\052\006\251\006\106\006\314\006\251\040\012\006\107\006\047\006\314\000\040\006\047\006\106\006\067\006\050\006\047\006\102\000\040\006\105\006\057\006\104}{section.2.3}% 28
\BOOKMARK [2][-]{subsection.2.3.3}{\376\377\006\106\006\105\006\047\006\257\006\061\000\040\006\251\006\047\006\061\006\050\006\061\006\314}{section.2.3}% 29
\BOOKMARK [3][-]{subsubsection.2.3.3.1}{\376\377\006\052\006\251\006\106\006\314\006\251\040\012\006\107\006\047\006\314\000\040\006\106\006\105\006\047\006\257\006\061\000\040\006\065\006\061\006\314\006\055\000\040\006\110\000\040\006\066\006\105\006\106\006\314}{subsection.2.3.3}% 30
\BOOKMARK [3][-]{subsubsection.2.3.3.2}{\376\377\006\052\006\055\006\104\006\314\006\104\000\040\006\047\006\055\006\063\006\047\006\063\006\047\006\052\000\040\006\110\000\040\006\101\006\314\006\104\006\052\006\061\000\040\006\251\006\061\006\057\006\106\000\040\006\105\006\050\006\052\006\106\006\314\000\040\006\050\006\061\000\040\006\042\006\314\006\052\006\105}{subsection.2.3.3}% 31
\BOOKMARK [3][-]{subsubsection.2.3.3.3}{\376\377\006\052\006\251\006\106\006\314\006\251\040\012\006\107\006\047\006\314\000\040\006\106\006\105\006\047\006\257\006\061\000\040\006\063\006\047\006\062\006\314\000\040\006\251\006\047\006\061\006\050\006\061\000\040\006\050\006\061\006\047\006\314\000\040\006\047\006\101\006\062\006\047\006\314\006\064\000\040\006\055\006\061\006\314\006\105\000\040\006\056\006\065\006\110\006\065\006\314}{subsection.2.3.3}% 32
\BOOKMARK [1][-]{section.2.4}{\376\377\006\054\006\105\006\071\040\012\006\050\006\106\006\057\006\314}{chapter.2}% 33
\BOOKMARK [0][-]{chapter.3}{\376\377\006\061\006\110\006\064\000\040\006\176\006\314\006\064\006\106\006\107\006\047\006\057\006\314}{}% 34
\BOOKMARK [1][-]{section.3.1}{\376\377\006\105\006\102\006\057\006\105\006\107}{chapter.3}% 35
\BOOKMARK [1][-]{section.3.2}{\376\377\006\054\006\105\006\071\000\040\006\042\006\110\006\061\006\314\000\040\006\110\000\040\006\042\006\105\006\047\006\057\006\107\000\040\006\063\006\047\006\062\006\314\000\040\006\057\006\047\006\057\006\107\000\040\006\107\006\047}{chapter.3}% 36
\BOOKMARK [1][-]{section.3.3}{\376\377\006\105\006\071\006\105\006\047\006\061\006\314\000\040\006\063\006\314\006\063\006\052\006\105}{chapter.3}% 37
\BOOKMARK [2][-]{subsection.3.3.1}{\376\377\006\105\006\061\006\047\006\055\006\104\000\040\006\052\006\110\006\104\006\314\006\057\000\040\006\176\006\047\006\063\006\056}{section.3.3}% 38
\BOOKMARK [2][-]{subsection.3.3.2}{\376\377\006\110\006\314\006\230\006\257\006\314\000\040\006\107\006\047\006\314\000\040\006\251\006\104\006\314\006\057\006\314\000\040\006\176\006\061\006\057\006\047\006\056\006\052\006\107\000\040\006\064\006\057\006\107\000\040\006\057\006\061\000\040\006\105\006\071\006\105\006\047\006\061\006\314}{section.3.3}% 39
\BOOKMARK [1][-]{section.3.4}{\376\377\006\105\006\047\006\230\006\110\006\104\000\040\006\057\006\061\006\251\000\040\006\105\006\251\006\047\006\104\006\105\006\107}{chapter.3}% 40
\BOOKMARK [1][-]{section.3.5}{\376\377\006\105\006\047\006\230\006\110\006\104\000\040\006\052\006\110\006\104\006\314\006\057\000\040\006\176\006\047\006\063\006\056}{chapter.3}% 41
\BOOKMARK [2][-]{subsection.3.5.1}{\376\377\006\105\006\057\006\314\006\061\006\314\006\052\000\040\006\052\006\047\006\061\006\314\006\056\006\206\006\107\000\040\006\052\006\071\006\047\006\105\006\104\006\047\006\052}{section.3.5}% 42
\BOOKMARK [2][-]{subsection.3.5.2}{\376\377\006\101\006\061\006\042\006\314\006\106\006\057\000\040\006\176\006\047\006\251\006\063\006\047\006\062\006\314\000\040\006\057\006\047\006\057\006\107}{section.3.5}% 43
\BOOKMARK [2][-]{subsection.3.5.3}{\376\377\006\110\006\047\006\251\006\106\006\064\040\014\006\107\006\047\006\314\000\040\006\251\006\047\006\061\006\050\006\061\000\040\006\050\006\107\000\040\006\176\006\047\006\063\006\056\040\014\006\107\006\047}{section.3.5}% 44
\BOOKMARK [1][-]{section.3.6}{\376\377\006\105\006\106\006\067\006\102\000\040\006\064\006\056\006\065\006\314\000\040\006\063\006\047\006\062\006\314}{chapter.3}% 45
\BOOKMARK [2][-]{subsection.3.6.1}{\376\377\006\106\006\105\006\047\006\257\006\061\040\014\006\063\006\047\006\062\006\314\000\040\006\063\006\047\006\057\006\107}{section.3.6}% 46
\BOOKMARK [2][-]{subsection.3.6.2}{\376\377\006\052\006\055\006\104\006\314\006\104\000\040\006\047\006\055\006\063\006\047\006\063\006\047\006\052\000\040\006\050\006\061\000\040\006\047\006\063\006\047\006\063\000\040\006\050\006\061\006\206\006\063\006\050\040\014\006\107\006\047\006\314\000\040\006\251\006\047\006\061\006\050\006\061}{section.3.6}% 47
\BOOKMARK [2][-]{subsection.3.6.3}{\376\377\006\101\006\314\006\104\006\052\006\061\000\040\006\105\006\050\006\052\006\106\006\314\000\040\006\050\006\061\000\040\006\042\006\314\006\052\006\105}{section.3.6}% 48
\BOOKMARK [2][-]{subsection.3.6.4}{\376\377\006\052\006\061\006\251\006\314\006\050\000\040\006\110\000\040\006\101\006\314\006\104\006\052\006\061\006\063\006\047\006\062\006\314\000\040\006\106\006\107\006\047\006\314\006\314}{section.3.6}% 49
\BOOKMARK [2][-]{subsection.3.6.5}{\376\377\006\105\006\251\006\047\006\106\006\314\006\062\006\105\000\040\006\050\006\047\006\062\006\056\006\110\006\061\006\057}{section.3.6}% 50
\BOOKMARK [1][-]{section.3.7}{\376\377\006\106\006\052\006\314\006\054\006\107\040\014\006\257\006\314\006\061\006\314}{chapter.3}% 51
\BOOKMARK [0][-]{chapter.4}{\376\377\006\047\006\061\006\062\006\314\006\047\006\050\006\314\000\040\006\110\000\040\006\052\006\055\006\104\006\314\006\104\000\040\006\106\006\052\006\047\006\314\006\054}{}% 52
\BOOKMARK [1][-]{section.4.1}{\376\377\006\105\006\102\006\057\006\105\006\107}{chapter.4}% 53
\BOOKMARK [1][-]{section.4.2}{\376\377\006\105\006\054\006\105\006\110\006\071\006\107\000\040\006\057\006\047\006\057\006\107\040\014\006\107\006\047\006\314\000\040\006\105\006\110\006\061\006\057\000\040\006\047\006\063\006\052\006\101\006\047\006\057\006\107}{chapter.4}% 54
\BOOKMARK [2][-]{subsection.4.2.1}{\376\377\006\105\006\054\006\105\006\110\006\071\006\107\000\040\006\057\006\047\006\057\006\107\000\040\006\105\006\110\006\110\006\314\040\014\006\104\006\106\006\062}{section.4.2}% 55
\BOOKMARK [2][-]{subsection.4.2.2}{\376\377\006\061\006\110\006\314\006\251\006\061\006\057\006\107\006\047\006\314\000\040\006\047\006\314\006\054\006\047\006\057\000\040\006\105\006\054\006\105\006\110\006\071\006\107\000\040\006\057\006\047\006\057\006\107}{section.4.2}% 56
\BOOKMARK [1][-]{section.4.3}{\376\377\006\105\006\054\006\105\006\110\006\071\006\107\000\040\006\057\006\047\006\057\006\107\000\040\006\052\006\063\006\052}{chapter.4}% 57
\BOOKMARK [1][-]{section.4.4}{\376\377\006\047\006\050\006\061\006\176\006\047\006\061\006\047\006\105\006\052\006\061\006\107\006\047}{chapter.4}% 58
\BOOKMARK [2][-]{subsection.4.4.1}{\376\377\006\047\006\050\006\061\006\176\006\047\006\061\006\047\006\105\006\052\006\061\006\107\006\047\006\314\000\040\006\052\006\106\006\070\006\314\006\105\000\040\006\063\006\061\006\314\006\071\000\040\006\110\000\040\006\052\006\110\006\104\006\314\006\057\000\040\006\176\006\047\006\063\006\056}{section.4.4}% 59
\BOOKMARK [2][-]{subsection.4.4.2}{\376\377\006\047\006\050\006\061\006\176\006\047\006\061\006\047\006\105\006\052\006\061\006\107\006\047\006\314\000\040\006\042\006\105\006\110\006\062\006\064\006\314}{section.4.4}% 60
\BOOKMARK [2][-]{subsection.4.4.3}{\376\377\006\052\006\071\006\047\006\105\006\104\000\040\006\047\006\050\006\061\006\176\006\047\006\061\006\047\006\105\006\052\006\061\006\107\006\047}{section.4.4}% 61
\BOOKMARK [1][-]{section.4.5}{\376\377\006\105\006\071\006\314\006\047\006\061\006\107\006\047\006\314\000\040\006\047\006\061\006\062\006\314\006\047\006\050\006\314}{chapter.4}% 62
\BOOKMARK [2][-]{subsection.4.5.1}{\376\377\006\105\006\071\006\314\006\047\006\061\000\040\006\257\006\314\006\054\006\314}{section.4.5}% 63
\BOOKMARK [2][-]{subsection.4.5.2}{\376\377\006\105\006\071\006\314\006\047\006\061\000\040\006\052\006\105\006\047\006\314\006\062}{section.4.5}% 64
\BOOKMARK [2][-]{subsection.4.5.3}{\376\377\006\105\006\071\006\314\006\047\006\061\000\040\006\105\006\314\006\062\006\047\006\106\000\040\006\105\006\110\006\101\006\102\006\314\006\052}{section.4.5}% 65
\BOOKMARK [2][-]{subsection.4.5.4}{\376\377\006\105\006\071\006\314\006\047\006\061\000\040\006\106\006\061\006\056\000\040\006\052\006\251\006\105\006\314\006\104}{section.4.5}% 66
\BOOKMARK [2][-]{subsection.4.5.5}{\376\377\006\105\006\071\006\314\006\047\006\061\000\040\006\047\006\105\006\052\006\314\006\047\006\062\000\040\006\052\006\071\006\047\006\105\006\104\000\040\006\251\006\047\006\061\006\050\006\061}{section.4.5}% 67
\BOOKMARK [2][-]{subsection.4.5.6}{\376\377\006\105\006\067\006\047\006\050\006\102\006\052\000\040\006\052\006\106\006\110\006\071\000\040\006\106\006\105\006\047\006\257\006\061}{section.4.5}% 68
\BOOKMARK [1][-]{section.4.6}{\376\377\006\047\006\061\006\062\006\314\006\047\006\050\006\314\000\040\006\047\006\071\006\105\006\047\006\104\000\040\006\052\006\072\006\314\006\314\006\061\006\047\006\052\000\040\006\050\006\061\000\040\006\061\006\110\006\314\000\040\006\105\006\071\006\314\006\047\006\061\006\107\006\047\006\314\000\040\006\047\006\061\006\062\006\314\006\047\006\050\006\314}{chapter.4}% 69
\BOOKMARK [2][-]{subsection.4.6.1}{\376\377\006\052\006\047\006\053\006\314\006\061\000\040\006\105\006\047\006\230\006\110\006\104\000\040\006\106\006\105\006\047\006\257\006\061\000\040\006\251\006\047\006\061\006\050\006\061\006\314\000\040\006\050\006\061\000\040\006\061\006\066\006\047\006\314\006\052\000\040\006\251\006\047\006\061\006\050\006\061\006\047\006\106}{section.4.6}% 70
\BOOKMARK [3][-]{subsubsection.4.6.1.1}{\376\377\006\105\006\047\006\230\006\110\006\104\000\040\006\052\006\055\006\104\006\314\006\104\000\040\006\105\006\071\006\106\006\047\006\314\006\314}{subsection.4.6.1}% 71
\BOOKMARK [3][-]{subsubsection.4.6.1.2}{\376\377\006\105\006\047\006\230\006\110\006\104\000\040\006\101\006\314\006\104\006\052\006\061\000\040\006\105\006\064\006\047\006\061\006\251\006\052\006\314}{subsection.4.6.1}% 72
\BOOKMARK [3][-]{subsubsection.4.6.1.3}{\376\377\006\050\006\057\006\110\006\106\000\040\006\107\006\314\006\206\040\014\000\040\006\257\006\110\006\106\006\107\000\040\006\106\006\105\006\047\006\257\006\061\000\040\006\251\006\047\006\061\006\050\006\061\006\314}{subsection.4.6.1}% 73
\BOOKMARK [2][-]{subsection.4.6.2}{\376\377\006\052\006\047\006\053\006\314\006\061\000\040\006\251\006\047\006\107\006\064\000\040\006\067\006\110\006\104\000\040\006\050\006\314\006\064\006\314\006\106\006\107\000\040\006\105\006\052\006\106\000\040\006\052\006\110\006\104\006\314\006\057\006\314\000\040\006\052\006\110\006\063\006\067\000\040\006\105\006\057\006\104}{section.4.6}% 74
\BOOKMARK [2][-]{subsection.4.6.3}{\376\377\006\054\006\105\006\071\040\012\006\050\006\106\006\057\006\314}{section.4.6}% 75
\BOOKMARK [1][-]{section.4.7}{\376\377\006\106\006\052\006\047\006\314\006\054\000\040\006\106\006\107\006\047\006\314\006\314\000\040\006\110\000\040\006\105\006\102\006\047\006\314\006\063\006\107\000\040\006\050\006\047\000\040\006\251\006\047\006\061\006\107\006\047\006\314\000\040\006\105\006\110\006\054\006\110\006\057}{chapter.4}% 76
\BOOKMARK [2][-]{subsection.4.7.1}{\376\377\006\106\006\052\006\047\006\314\006\054\000\040\006\106\006\107\006\047\006\314\006\314}{section.4.7}% 77
\BOOKMARK [2][-]{subsection.4.7.2}{\376\377\006\105\006\102\006\047\006\314\006\063\006\107\000\040\006\050\006\047\000\040\006\251\006\047\006\061\006\107\006\047\006\314\000\040\006\105\006\110\006\054\006\110\006\057}{section.4.7}% 78
\BOOKMARK [2][-]{subsection.4.7.3}{\376\377\006\047\006\061\006\062\006\314\006\047\006\050\006\314\000\040\006\047\006\106\006\063\006\047\006\106\006\314}{section.4.7}% 79
\BOOKMARK [2][-]{subsection.4.7.4}{\376\377\006\061\006\047\006\050\006\067\040\014\006\251\006\047\006\061\006\050\006\061\006\314\000\040\006\050\006\061\006\047\006\314\000\040\006\047\006\061\006\062\006\314\006\047\006\050\006\314\000\040\006\047\006\106\006\063\006\047\006\106\006\314}{section.4.7}% 80
\BOOKMARK [1][-]{section.4.8}{\376\377\006\106\006\052\006\314\006\054\006\107\040\014\006\257\006\314\006\061\006\314}{chapter.4}% 81
\BOOKMARK [0][-]{chapter.5}{\376\377\006\054\006\105\006\071\040\012\006\050\006\106\006\057\006\314\000\040\006\110\000\040\006\176\006\314\006\064\006\106\006\107\006\047\006\057\006\107\006\047\006\314\006\314\000\040\006\050\006\061\006\047\006\314\000\040\006\047\006\057\006\047\006\105\006\107\000\040\006\176\006\230\006\110\006\107\006\064}{}% 82
\BOOKMARK [1][-]{section.5.1}{\376\377\006\105\006\102\006\057\006\105\006\107}{chapter.5}% 83
\BOOKMARK [1][-]{section.5.2}{\376\377\006\061\006\110\006\064\000\040\006\176\006\314\006\064\006\106\006\107\006\047\006\057\006\314}{chapter.5}% 84
\BOOKMARK [1][-]{section.5.3}{\376\377\006\106\006\110\006\042\006\110\006\061\006\314\000\040\006\110\000\040\006\057\006\063\006\052\006\047\006\110\006\061\006\057\006\107\006\047\006\314\000\040\006\176\006\230\006\110\006\107\006\064}{chapter.5}% 85
\BOOKMARK [2][-]{subsection.5.3.1}{\376\377\006\176\006\314\006\064\006\061\006\101\006\052\000\040\006\057\006\061\000\040\006\064\006\056\006\065\006\314\000\040\006\063\006\047\006\062\006\314}{section.5.3}% 86
\BOOKMARK [2][-]{subsection.5.3.2}{\376\377\006\055\006\104\000\040\006\105\006\064\006\251\006\104\000\040\006\064\006\061\006\110\006\071\000\040\006\063\006\061\006\057}{section.5.3}% 87
\BOOKMARK [2][-]{subsection.5.3.3}{\376\377\006\047\006\057\006\072\006\047\006\105\000\040\006\055\006\102\000\040\006\101\006\061\006\047\006\105\006\110\006\064\006\314\000\040\006\110\000\040\006\055\006\061\006\314\006\105\000\040\006\056\006\065\006\110\006\065\006\314}{section.5.3}% 88
\BOOKMARK [2][-]{subsection.5.3.4}{\376\377\006\063\006\047\006\062\006\257\006\047\006\061\006\314\000\040\006\050\006\047\000\040\006\057\006\047\006\105\006\106\006\107\000\040\006\107\006\047\006\314\000\040\006\054\006\057\006\314\006\057}{section.5.3}% 89
\BOOKMARK [2][-]{subsection.5.3.5}{\376\377\006\062\006\105\006\314\006\106\006\107\040\014\006\107\006\047\006\314\000\040\006\101\006\061\006\047\006\257\006\314\006\061}{section.5.3}% 90
\BOOKMARK [1][-]{section.5.4}{\376\377\006\105\006\064\006\047\006\061\006\251\006\052\000\040\006\110\000\040\006\106\006\110\006\042\006\110\006\061\006\314}{chapter.5}% 91
\BOOKMARK [2][-]{subsection.5.4.1}{\376\377\006\105\006\064\006\047\006\061\006\251\006\052\000\040\006\107\006\047\006\314\000\040\006\047\006\065\006\104\006\314}{section.5.4}% 92
\BOOKMARK [3][-]{subsubsection.5.4.1.1}{\376\377\006\064\006\056\006\065\006\314\000\040\006\063\006\047\006\062\006\314\000\040\006\057\006\061\000\040\006\063\006\314\006\063\006\052\006\105\040\012\006\107\006\047\006\314\000\040\006\257\006\101\006\052\006\257\006\110}{subsection.5.4.1}% 93
\BOOKMARK [3][-]{subsubsection.5.4.1.2}{\376\377\006\055\006\061\006\314\006\105\000\040\006\056\006\065\006\110\006\065\006\314\000\040\006\110\000\040\006\107\006\110\006\064\000\040\006\105\006\065\006\106\006\110\006\071\006\314\000\040\006\047\006\056\006\104\006\047\006\102\006\314}{subsection.5.4.1}% 94
\BOOKMARK [3][-]{subsubsection.5.4.1.3}{\376\377\006\105\006\071\006\314\006\047\006\061\006\107\006\047\000\040\006\110\000\040\006\206\006\047\006\061\006\206\006\110\006\050\000\040\006\047\006\061\006\062\006\314\006\047\006\050\006\314}{subsection.5.4.1}% 95
\BOOKMARK [3][-]{subsubsection.5.4.1.4}{\376\377\006\052\006\251\006\106\006\314\006\251\000\040\006\107\006\047\000\040\006\110\000\040\006\061\006\110\006\064\000\040\006\107\006\047\006\314\000\040\006\050\006\057\006\314\006\071}{subsection.5.4.1}% 96
\BOOKMARK [1][-]{section.5.5}{\376\377\006\106\006\052\006\047\006\314\006\054\000\040\006\176\006\230\006\110\006\107\006\064}{chapter.5}% 97
\BOOKMARK [2][-]{subsection.5.5.1}{\376\377\006\050\006\107\006\050\006\110\006\057\000\040\006\064\006\056\006\065\006\314\040\014\006\063\006\047\006\062\006\314}{section.5.5}% 98
\BOOKMARK [2][-]{subsection.5.5.2}{\376\377\006\055\006\104\000\040\006\105\006\064\006\251\006\104\000\040\006\064\006\061\006\110\006\071\000\040\006\063\006\061\006\057}{section.5.5}% 99
\BOOKMARK [2][-]{subsection.5.5.3}{\376\377\006\047\006\061\006\062\006\314\006\047\006\050\006\314\000\040\006\054\006\047\006\105\006\071}{section.5.5}% 100
\BOOKMARK [1][-]{section.5.6}{\376\377\006\176\006\314\006\064\006\106\006\107\006\047\006\057\006\107\006\047\006\314\006\314\000\040\006\050\006\061\006\047\006\314\000\040\006\052\006\055\006\102\006\314\006\102\006\047\006\052\000\040\006\042\006\314\006\106\006\057\006\107}{chapter.5}% 101
\BOOKMARK [2][-]{subsection.5.6.1}{\376\377\006\176\006\314\006\064\006\050\006\061\006\057\000\040\006\052\006\251\006\106\006\314\006\251\040\012\006\107\006\047\006\314\000\040\006\064\006\056\006\065\006\314\000\040\006\063\006\047\006\062\006\314}{section.5.6}% 102
\BOOKMARK [3][-]{subsubsection.5.6.1.1}{\376\377\006\106\006\105\006\047\006\257\006\061\000\040\006\251\006\047\006\061\006\050\006\061\006\314\000\040\006\176\006\314\006\064\006\061\006\101\006\052\006\107}{subsection.5.6.1}% 103
\BOOKMARK [3][-]{subsubsection.5.6.1.2}{\376\377\006\101\006\314\006\104\006\052\006\061\000\040\006\105\006\064\006\047\006\061\006\251\006\052\006\314\000\040\006\110\000\040\006\052\006\061\006\251\006\314\006\050\006\314}{subsection.5.6.1}% 104
\BOOKMARK [2][-]{subsection.5.6.2}{\376\377\006\257\006\063\006\052\006\061\006\064\000\040\006\206\006\047\006\061\006\206\006\110\006\050\000\040\006\107\006\047\006\314\000\040\006\047\006\061\006\062\006\314\006\047\006\050\006\314}{section.5.6}% 105
\BOOKMARK [2][-]{subsection.5.6.3}{\376\377\006\314\006\251\006\176\006\047\006\061\006\206\006\107\000\040\006\063\006\047\006\062\006\314\000\040\006\105\006\057\006\104\000\040\006\107\006\047\006\314\000\040\006\176\006\314\006\064\006\061\006\101\006\052\006\107}{section.5.6}% 106
\BOOKMARK [1][-]{section.5.7}{\376\377\006\105\006\055\006\057\006\110\006\057\006\314\006\052\000\040\006\107\006\047\000\040\006\110\000\040\006\206\006\047\006\104\006\064\000\040\006\107\006\047}{chapter.5}% 107
\BOOKMARK [2][-]{subsection.5.7.1}{\376\377\006\105\006\055\006\057\006\110\006\057\006\314\006\052\000\040\006\057\006\047\006\057\006\107\000\040\006\107\006\047}{section.5.7}% 108
\BOOKMARK [2][-]{subsection.5.7.2}{\376\377\006\105\006\055\006\057\006\110\006\057\006\314\006\052\000\040\006\107\006\047\006\314\000\040\006\105\006\055\006\047\006\063\006\050\006\047\006\052\006\314}{section.5.7}% 109
\BOOKMARK [2][-]{subsection.5.7.3}{\376\377\006\206\006\047\006\104\006\064\000\040\006\107\006\047\006\314\000\040\006\106\006\105\006\047\006\257\006\061\000\040\006\251\006\047\006\061\006\050\006\061\006\314}{section.5.7}% 110
\BOOKMARK [2][-]{subsection.5.7.4}{\376\377\006\106\006\257\006\061\006\047\006\106\006\314\000\040\006\107\006\047\006\314\000\040\006\055\006\101\006\070\000\040\006\055\006\061\006\314\006\105\000\040\006\056\006\065\006\110\006\065\006\314}{section.5.7}% 111
\BOOKMARK [2][-]{subsection.5.7.5}{\376\377\006\206\006\047\006\104\006\064\000\040\006\107\006\047\006\314\000\040\006\047\006\061\006\062\006\314\006\047\006\050\006\314}{section.5.7}% 112
\BOOKMARK [2][-]{subsection.5.7.6}{\376\377\006\105\006\055\006\057\006\110\006\057\006\314\006\052\000\040\006\107\006\047\006\314\000\040\006\105\006\057\006\104}{section.5.7}% 113
\BOOKMARK [2][-]{subsection.5.7.7}{\376\377\006\206\006\047\006\104\006\064\000\040\006\107\006\047\006\314\000\040\006\052\006\106\006\070\006\314\006\105\000\040\006\063\006\061\006\314\006\071}{section.5.7}% 114
\BOOKMARK [2][-]{subsection.5.7.8}{\376\377\006\064\006\056\006\065\006\314\000\040\006\063\006\047\006\062\006\314\000\040\006\176\006\047\006\063\006\056\000\040\006\176\006\110\006\314\006\047}{section.5.7}% 115
\BOOKMARK [0][-]{chapter*.16}{\376\377\006\105\006\061\006\047\006\054\006\071}{}% 116
