This is XeTeX, Version 3.141592653-2.6-0.999995 (MiKTeX 24.1) (preloaded format=xelatex 2024.9.14)  3 APR 2025 13:10
entering extended mode
 restricted \write18 enabled.
 %&-line parsing enabled.
**./main.tex
(main.tex
LaTeX2e <2023-11-01> patch level 1
L3 programming layer <2024-01-04>
(tex/tehran-thesis.cls

LaTeX Warning: You have requested document class `./tex/tehran-thesis',
               but the document class provides `tehran-thesis'.

Document Class: tehran-thesis 05/09/2017 v0.1 Persian thesis document class in 
XeLaTeX for University of Tehran projects/theses/dissertations
(C:\Users\Laptopkaran\AppData\Local\Programs\MiKTeX\tex/latex/base\book.cls
Document Class: book 2023/05/17 v1.4n Standard LaTeX document class
(C:\Users\Laptopkaran\AppData\Local\Programs\MiKTeX\tex/latex/base\bk12.clo
File: bk12.clo 2023/05/17 v1.4n Standard LaTeX file (size option)
)
\c@part=\count183
\c@chapter=\count184
\c@section=\count185
\c@subsection=\count186
\c@subsubsection=\count187
\c@paragraph=\count188
\c@subparagraph=\count189
\c@figure=\count190
\c@table=\count191
\abovecaptionskip=\skip48
\belowcaptionskip=\skip49
\bibindent=\dimen140
))
(C:\Users\Laptopkaran\AppData\Local\Programs\MiKTeX\tex/latex/titlesec\titlesec
.sty
Package: titlesec 2025/01/04 v2.17 Sectioning titles
\ttl@box=\box51
\beforetitleunit=\skip50
\aftertitleunit=\skip51
\ttl@plus=\dimen141
\ttl@minus=\dimen142
\ttl@toksa=\toks17
\titlewidth=\dimen143
\titlewidthlast=\dimen144
\titlewidthfirst=\dimen145
) (tex/commands.tex
(C:\Users\Laptopkaran\AppData\Local\Programs\MiKTeX\tex/latex/amscls\amsthm.sty
Package: amsthm 2020/05/29 v2.20.6
\thm@style=\toks18
\thm@bodyfont=\toks19
\thm@headfont=\toks20
\thm@notefont=\toks21
\thm@headpunct=\toks22
\thm@preskip=\skip52
\thm@postskip=\skip53
\thm@headsep=\skip54
\dth@everypar=\toks23
)
(C:\Users\Laptopkaran\AppData\Local\Programs\MiKTeX\tex/latex/amsfonts\amssymb.
sty
Package: amssymb 2013/01/14 v3.01 AMS font symbols

(C:\Users\Laptopkaran\AppData\Local\Programs\MiKTeX\tex/latex/amsfonts\amsfonts
.sty
Package: amsfonts 2013/01/14 v3.01 Basic AMSFonts support
\@emptytoks=\toks24
\symAMSa=\mathgroup4
\symAMSb=\mathgroup5
LaTeX Font Info:    Redeclaring math symbol \hbar on input line 98.
LaTeX Font Info:    Overwriting math alphabet `\mathfrak' in version `bold'
(Font)                  U/euf/m/n --> U/euf/b/n on input line 106.
))
(C:\Users\Laptopkaran\AppData\Local\Programs\MiKTeX\tex/latex/amsmath\amsmath.s
ty
Package: amsmath 2023/05/13 v2.17o AMS math features
\@mathmargin=\skip55

For additional information on amsmath, use the `?' option.

(C:\Users\Laptopkaran\AppData\Local\Programs\MiKTeX\tex/latex/amsmath\amstext.s
ty
Package: amstext 2021/08/26 v2.01 AMS text

(C:\Users\Laptopkaran\AppData\Local\Programs\MiKTeX\tex/latex/amsmath\amsgen.st
y
File: amsgen.sty 1999/11/30 v2.0 generic functions
\@emptytoks=\toks25
\ex@=\dimen146
))
(C:\Users\Laptopkaran\AppData\Local\Programs\MiKTeX\tex/latex/amsmath\amsbsy.st
y
Package: amsbsy 1999/11/29 v1.2d Bold Symbols
\pmbraise@=\dimen147
)
(C:\Users\Laptopkaran\AppData\Local\Programs\MiKTeX\tex/latex/amsmath\amsopn.st
y
Package: amsopn 2022/04/08 v2.04 operator names
)
\inf@bad=\count192
LaTeX Info: Redefining \frac on input line 234.
\uproot@=\count193
\leftroot@=\count194
LaTeX Info: Redefining \overline on input line 399.
LaTeX Info: Redefining \colon on input line 410.
\classnum@=\count195
\DOTSCASE@=\count196
LaTeX Info: Redefining \ldots on input line 496.
LaTeX Info: Redefining \dots on input line 499.
LaTeX Info: Redefining \cdots on input line 620.
\Mathstrutbox@=\box52
\strutbox@=\box53
LaTeX Info: Redefining \big on input line 722.
LaTeX Info: Redefining \Big on input line 723.
LaTeX Info: Redefining \bigg on input line 724.
LaTeX Info: Redefining \Bigg on input line 725.
\big@size=\dimen148
LaTeX Font Info:    Redeclaring font encoding OML on input line 743.
LaTeX Font Info:    Redeclaring font encoding OMS on input line 744.
\macc@depth=\count197
LaTeX Info: Redefining \bmod on input line 905.
LaTeX Info: Redefining \pmod on input line 910.
LaTeX Info: Redefining \smash on input line 940.
LaTeX Info: Redefining \relbar on input line 970.
LaTeX Info: Redefining \Relbar on input line 971.
\c@MaxMatrixCols=\count198
\dotsspace@=\muskip16
\c@parentequation=\count199
\dspbrk@lvl=\count266
\tag@help=\toks26
\row@=\count267
\column@=\count268
\maxfields@=\count269
\andhelp@=\toks27
\eqnshift@=\dimen149
\alignsep@=\dimen150
\tagshift@=\dimen151
\tagwidth@=\dimen152
\totwidth@=\dimen153
\lineht@=\dimen154
\@envbody=\toks28
\multlinegap=\skip56
\multlinetaggap=\skip57
\mathdisplay@stack=\toks29
LaTeX Info: Redefining \[ on input line 2953.
LaTeX Info: Redefining \] on input line 2954.
)
(C:\Users\Laptopkaran\AppData\Local\Programs\MiKTeX\tex/latex/geometry\geometry
.sty
Package: geometry 2020/01/02 v5.9 Page Geometry

(C:\Users\Laptopkaran\AppData\Local\Programs\MiKTeX\tex/latex/graphics\keyval.s
ty
Package: keyval 2022/05/29 v1.15 key=value parser (DPC)
\KV@toks@=\toks30
)
(C:\Users\Laptopkaran\AppData\Local\Programs\MiKTeX\tex/generic/iftex\ifvtex.st
y
Package: ifvtex 2019/10/25 v1.7 ifvtex legacy package. Use iftex instead.

(C:\Users\Laptopkaran\AppData\Local\Programs\MiKTeX\tex/generic/iftex\iftex.sty
Package: iftex 2022/02/03 v1.0f TeX engine tests
))
\Gm@cnth=\count270
\Gm@cntv=\count271
\c@Gm@tempcnt=\count272
\Gm@bindingoffset=\dimen155
\Gm@wd@mp=\dimen156
\Gm@odd@mp=\dimen157
\Gm@even@mp=\dimen158
\Gm@layoutwidth=\dimen159
\Gm@layoutheight=\dimen160
\Gm@layouthoffset=\dimen161
\Gm@layoutvoffset=\dimen162
\Gm@dimlist=\toks31

(C:\Users\Laptopkaran\AppData\Local\Programs\MiKTeX\tex/latex/geometry\geometry
.cfg))
(C:\Users\Laptopkaran\AppData\Local\Programs\MiKTeX\tex/latex/graphics\graphicx
.sty
Package: graphicx 2021/09/16 v1.2d Enhanced LaTeX Graphics (DPC,SPQR)

(C:\Users\Laptopkaran\AppData\Local\Programs\MiKTeX\tex/latex/graphics\graphics
.sty
Package: graphics 2022/03/10 v1.4e Standard LaTeX Graphics (DPC,SPQR)

(C:\Users\Laptopkaran\AppData\Local\Programs\MiKTeX\tex/latex/graphics\trig.sty
Package: trig 2021/08/11 v1.11 sin cos tan (DPC)
)
(C:\Users\Laptopkaran\AppData\Local\Programs\MiKTeX\tex/latex/graphics-cfg\grap
hics.cfg
File: graphics.cfg 2016/06/04 v1.11 sample graphics configuration
)
Package graphics Info: Driver file: xetex.def on input line 107.

(C:\Users\Laptopkaran\AppData\Local\Programs\MiKTeX\tex/latex/graphics-def\xete
x.def
File: xetex.def 2022/09/22 v5.0n Graphics/color driver for xetex
))
\Gin@req@height=\dimen163
\Gin@req@width=\dimen164
)
(C:\Users\Laptopkaran\AppData\Local\Programs\MiKTeX\tex/latex/listings\listings
.sty
\lst@mode=\count273
\lst@gtempboxa=\box54
\lst@token=\toks32
\lst@length=\count274
\lst@currlwidth=\dimen165
\lst@column=\count275
\lst@pos=\count276
\lst@lostspace=\dimen166
\lst@width=\dimen167
\lst@newlines=\count277
\lst@lineno=\count278
\lst@maxwidth=\dimen168

(C:\Users\Laptopkaran\AppData\Local\Programs\MiKTeX\tex/latex/listings\lstmisc.
sty
File: lstmisc.sty 2023/02/27 1.9 (Carsten Heinz)
\c@lstnumber=\count279
\lst@skipnumbers=\count280
\lst@framebox=\box55
)
(C:\Users\Laptopkaran\AppData\Local\Programs\MiKTeX\tex/latex/listings\listings
.cfg
File: listings.cfg 2023/02/27 1.9 listings configuration
))
Package: listings 2023/02/27 1.9 (Carsten Heinz)

(C:\Users\Laptopkaran\AppData\Local\Programs\MiKTeX\tex/latex/xcolor\xcolor.sty
Package: xcolor 2023/11/15 v3.01 LaTeX color extensions (UK)

(C:\Users\Laptopkaran\AppData\Local\Programs\MiKTeX\tex/latex/graphics-cfg\colo
r.cfg
File: color.cfg 2016/01/02 v1.6 sample color configuration
)

Package xcolor Warning: Package option `usenames' is obsolete and ignored on in
put line 266.

Package xcolor Info: Driver file: xetex.def on input line 274.

(C:\Users\Laptopkaran\AppData\Local\Programs\MiKTeX\tex/latex/graphics\mathcolo
r.ltx)
Package xcolor Info: Model `cmy' substituted by `cmy0' on input line 1350.
Package xcolor Info: Model `RGB' extended on input line 1366.
Package xcolor Info: Model `HTML' substituted by `rgb' on input line 1368.
Package xcolor Info: Model `Hsb' substituted by `hsb' on input line 1369.
Package xcolor Info: Model `tHsb' substituted by `hsb' on input line 1370.
Package xcolor Info: Model `HSB' substituted by `hsb' on input line 1371.
Package xcolor Info: Model `Gray' substituted by `gray' on input line 1372.
Package xcolor Info: Model `wave' substituted by `hsb' on input line 1373.
)
(C:\Users\Laptopkaran\AppData\Local\Programs\MiKTeX\tex/latex/graphics\dvipsnam
.def
File: dvipsnam.def 2016/06/17 v3.0m Driver-dependent file (DPC,SPQR)
)
(C:\Users\Laptopkaran\AppData\Local\Programs\MiKTeX\tex/latex/xcolor\svgnam.def
File: svgnam.def 2023/11/15 v3.01 Predefined colors according to SVG 1.1 (UK)
)
(C:\Users\Laptopkaran\AppData\Local\Programs\MiKTeX\tex/latex/colortbl\colortbl
.sty
Package: colortbl 2024/07/06 v1.0i Color table columns (DPC)

(C:\Users\Laptopkaran\AppData\Local\Programs\MiKTeX\tex/latex/tools\array.sty
Package: array 2023/10/16 v2.5g Tabular extension package (FMi)
\col@sep=\dimen169
\ar@mcellbox=\box56
\extrarowheight=\dimen170
\NC@list=\toks33
\extratabsurround=\skip58
\backup@length=\skip59
\ar@cellbox=\box57
)
\everycr=\toks34
\minrowclearance=\skip60
\rownum=\count281
)
(C:\Users\Laptopkaran\AppData\Local\Programs\MiKTeX\tex/latex/framed\framed.sty
Package: framed 2011/10/22 v 0.96: framed or shaded text with page breaks
\OuterFrameSep=\skip61
\fb@frw=\dimen171
\fb@frh=\dimen172
\FrameRule=\dimen173
\FrameSep=\dimen174
)
(C:\Users\Laptopkaran\AppData\Local\Programs\MiKTeX\tex/latex/lastpage\lastpage
.sty
Package: lastpage 2024/07/07 v2.1c lastpage: 2.09 or 2e? (HMM)

(C:\Users\Laptopkaran\AppData\Local\Programs\MiKTeX\tex/latex/lastpage\lastpage
2e.sty
Package: lastpage2e 2024/07/07 v2.1c Decide which 2e lastpage version to use (H
MM)

(C:\Users\Laptopkaran\AppData\Local\Programs\MiKTeX\tex/latex/lastpage\lastpage
modern.sty
Package: lastpagemodern 2024-07-07 v2.1c Refers to last page's name (HMM; JPG)
\c@lastpagecount=\count282
) 
))
(C:\Users\Laptopkaran\AppData\Local\Programs\MiKTeX\tex/latex/etoolbox\etoolbox
.sty
Package: etoolbox 2020/10/05 v2.5k e-TeX tools for LaTeX (JAW)
\etb@tempcnta=\count283
)
(C:\Users\Laptopkaran\AppData\Local\Programs\MiKTeX\tex/latex/oberdiek\ifdraft.
sty
Package: ifdraft 2016/05/16 v1.4 Detect class options draft and final (HO)
)
(C:\Users\Laptopkaran\AppData\Local\Programs\MiKTeX\tex/latex/hyperref\hyperref
.sty
Package: hyperref 2023-11-26 v7.01g Hypertext links for LaTeX

(C:\Users\Laptopkaran\AppData\Local\Programs\MiKTeX\tex/generic/infwarerr\infwa
rerr.sty
Package: infwarerr 2019/12/03 v1.5 Providing info/warning/error messages (HO)
)
(C:\Users\Laptopkaran\AppData\Local\Programs\MiKTeX\tex/latex/kvsetkeys\kvsetke
ys.sty
Package: kvsetkeys 2022-10-05 v1.19 Key value parser (HO)
)
(C:\Users\Laptopkaran\AppData\Local\Programs\MiKTeX\tex/generic/kvdefinekeys\kv
definekeys.sty
Package: kvdefinekeys 2019-12-19 v1.6 Define keys (HO)
)
(C:\Users\Laptopkaran\AppData\Local\Programs\MiKTeX\tex/generic/pdfescape\pdfes
cape.sty
Package: pdfescape 2019/12/09 v1.15 Implements pdfTeX's escape features (HO)

(C:\Users\Laptopkaran\AppData\Local\Programs\MiKTeX\tex/generic/ltxcmds\ltxcmds
.sty
Package: ltxcmds 2023-12-04 v1.26 LaTeX kernel commands for general use (HO)
)
(C:\Users\Laptopkaran\AppData\Local\Programs\MiKTeX\tex/generic/pdftexcmds\pdft
excmds.sty
Package: pdftexcmds 2020-06-27 v0.33 Utility functions of pdfTeX for LuaTeX (HO
)
Package pdftexcmds Info: \pdf@primitive is available.
Package pdftexcmds Info: \pdf@ifprimitive is available.
Package pdftexcmds Info: \pdfdraftmode not found.
))
(C:\Users\Laptopkaran\AppData\Local\Programs\MiKTeX\tex/latex/hycolor\hycolor.s
ty
Package: hycolor 2020-01-27 v1.10 Color options for hyperref/bookmark (HO)
)
(C:\Users\Laptopkaran\AppData\Local\Programs\MiKTeX\tex/latex/letltxmacro\letlt
xmacro.sty
Package: letltxmacro 2019/12/03 v1.6 Let assignment for LaTeX macros (HO)
)
(C:\Users\Laptopkaran\AppData\Local\Programs\MiKTeX\tex/latex/auxhook\auxhook.s
ty
Package: auxhook 2019-12-17 v1.6 Hooks for auxiliary files (HO)
)
(C:\Users\Laptopkaran\AppData\Local\Programs\MiKTeX\tex/latex/hyperref\nameref.
sty
Package: nameref 2023-11-26 v2.56 Cross-referencing by name of section

(C:\Users\Laptopkaran\AppData\Local\Programs\MiKTeX\tex/latex/refcount\refcount
.sty
Package: refcount 2019/12/15 v3.6 Data extraction from label references (HO)
)
(C:\Users\Laptopkaran\AppData\Local\Programs\MiKTeX\tex/generic/gettitlestring\
gettitlestring.sty
Package: gettitlestring 2019/12/15 v1.6 Cleanup title references (HO)

(C:\Users\Laptopkaran\AppData\Local\Programs\MiKTeX\tex/latex/kvoptions\kvoptio
ns.sty
Package: kvoptions 2022-06-15 v3.15 Key value format for package options (HO)
))
\c@section@level=\count284
)
\@linkdim=\dimen175
\Hy@linkcounter=\count285
\Hy@pagecounter=\count286

(C:\Users\Laptopkaran\AppData\Local\Programs\MiKTeX\tex/latex/hyperref\pd1enc.d
ef
File: pd1enc.def 2023-11-26 v7.01g Hyperref: PDFDocEncoding definition (HO)
)
(C:\Users\Laptopkaran\AppData\Local\Programs\MiKTeX\tex/generic/intcalc\intcalc
.sty
Package: intcalc 2019/12/15 v1.3 Expandable calculations with integers (HO)
)
\Hy@SavedSpaceFactor=\count287

(C:\Users\Laptopkaran\AppData\Local\Programs\MiKTeX\tex/latex/hyperref\puenc.de
f
File: puenc.def 2023-11-26 v7.01g Hyperref: PDF Unicode definition (HO)
)
Package hyperref Info: Hyper figures OFF on input line 4181.
Package hyperref Info: Link nesting OFF on input line 4186.
Package hyperref Info: Hyper index ON on input line 4189.
Package hyperref Info: Plain pages OFF on input line 4196.
Package hyperref Info: Backreferencing OFF on input line 4201.
Package hyperref Info: Implicit mode ON; LaTeX internals redefined.
Package hyperref Info: Bookmarks ON on input line 4448.
\c@Hy@tempcnt=\count288
 (C:\Users\Laptopkaran\AppData\Local\Programs\MiKTeX\tex/latex/url\url.sty
\Urlmuskip=\muskip17
Package: url 2013/09/16  ver 3.4  Verb mode for urls, etc.
)
LaTeX Info: Redefining \url on input line 4786.
\XeTeXLinkMargin=\dimen176

(C:\Users\Laptopkaran\AppData\Local\Programs\MiKTeX\tex/generic/bitset\bitset.s
ty
Package: bitset 2019/12/09 v1.3 Handle bit-vector datatype (HO)

(C:\Users\Laptopkaran\AppData\Local\Programs\MiKTeX\tex/generic/bigintcalc\bigi
ntcalc.sty
Package: bigintcalc 2019/12/15 v1.5 Expandable calculations on big integers (HO
)
))
\Fld@menulength=\count289
\Field@Width=\dimen177
\Fld@charsize=\dimen178
Package hyperref Info: Hyper figures OFF on input line 6065.
Package hyperref Info: Link nesting OFF on input line 6070.
Package hyperref Info: Hyper index ON on input line 6073.
Package hyperref Info: backreferencing OFF on input line 6080.
Package hyperref Info: Link coloring OFF on input line 6085.
Package hyperref Info: Link coloring with OCG OFF on input line 6090.
Package hyperref Info: PDF/A mode OFF on input line 6095.

(C:\Users\Laptopkaran\AppData\Local\Programs\MiKTeX\tex/latex/base\atbegshi-ltx
.sty
Package: atbegshi-ltx 2021/01/10 v1.0c Emulation of the original atbegshi
package with kernel methods
)
\Hy@abspage=\count290
\c@Item=\count291
\c@Hfootnote=\count292
)
Package hyperref Info: Driver (autodetected): hxetex.

(C:\Users\Laptopkaran\AppData\Local\Programs\MiKTeX\tex/latex/hyperref\hxetex.d
ef
File: hxetex.def 2023-11-26 v7.01g Hyperref driver for XeTeX

(C:\Users\Laptopkaran\AppData\Local\Programs\MiKTeX\tex/generic/stringenc\strin
genc.sty
Package: stringenc 2019/11/29 v1.12 Convert strings between diff. encodings (HO
)
)
\pdfm@box=\box58
\c@Hy@AnnotLevel=\count293
\HyField@AnnotCount=\count294
\Fld@listcount=\count295
\c@bookmark@seq@number=\count296

(C:\Users\Laptopkaran\AppData\Local\Programs\MiKTeX\tex/latex/rerunfilecheck\re
runfilecheck.sty
Package: rerunfilecheck 2022-07-10 v1.10 Rerun checks for auxiliary files (HO)

(C:\Users\Laptopkaran\AppData\Local\Programs\MiKTeX\tex/latex/base\atveryend-lt
x.sty
Package: atveryend-ltx 2020/08/19 v1.0a Emulation of the original atveryend pac
kage
with kernel methods
)
(C:\Users\Laptopkaran\AppData\Local\Programs\MiKTeX\tex/generic/uniquecounter\u
niquecounter.sty
Package: uniquecounter 2019/12/15 v1.4 Provide unlimited unique counter (HO)
)
Package uniquecounter Info: New unique counter `rerunfilecheck' on input line 2
85.
)
\Hy@SectionHShift=\skip62
)
(C:\Users\Laptopkaran\AppData\Local\Programs\MiKTeX\tex/latex/todonotes\todonot
es.sty
Package: todonotes 2024/01/05 v1.1.7 Todonotes source and documentation.
Package: todonotes 2024/01/05

(C:\Users\Laptopkaran\AppData\Local\Programs\MiKTeX\tex/latex/base\ifthen.sty
Package: ifthen 2022/04/13 v1.1d Standard LaTeX ifthen package (DPC)
)
(C:\Users\Laptopkaran\AppData\Local\Programs\MiKTeX\tex/latex/xkeyval\xkeyval.s
ty
Package: xkeyval 2022/06/16 v2.9 package option processing (HA)

(C:\Users\Laptopkaran\AppData\Local\Programs\MiKTeX\tex/generic/xkeyval\xkeyval
.tex
(C:\Users\Laptopkaran\AppData\Local\Programs\MiKTeX\tex/generic/xkeyval\xkvutil
s.tex
\XKV@toks=\toks35
\XKV@tempa@toks=\toks36
)
\XKV@depth=\count297
File: xkeyval.tex 2014/12/03 v2.7a key=value parser (HA)
))
(C:\Users\Laptopkaran\AppData\Local\Programs\MiKTeX\tex/latex/pgf/frontendlayer
\tikz.sty
(C:\Users\Laptopkaran\AppData\Local\Programs\MiKTeX\tex/latex/pgf/basiclayer\pg
f.sty
(C:\Users\Laptopkaran\AppData\Local\Programs\MiKTeX\tex/latex/pgf/utilities\pgf
rcs.sty
(C:\Users\Laptopkaran\AppData\Local\Programs\MiKTeX\tex/generic/pgf/utilities\p
gfutil-common.tex
\pgfutil@everybye=\toks37
\pgfutil@tempdima=\dimen179
\pgfutil@tempdimb=\dimen180
)
(C:\Users\Laptopkaran\AppData\Local\Programs\MiKTeX\tex/generic/pgf/utilities\p
gfutil-latex.def
\pgfutil@abb=\box59
)
(C:\Users\Laptopkaran\AppData\Local\Programs\MiKTeX\tex/generic/pgf/utilities\p
gfrcs.code.tex
(C:\Users\Laptopkaran\AppData\Local\Programs\MiKTeX\tex/generic/pgf\pgf.revisio
n.tex)
Package: pgfrcs 2023-01-15 v3.1.10 (3.1.10)
))
Package: pgf 2023-01-15 v3.1.10 (3.1.10)

(C:\Users\Laptopkaran\AppData\Local\Programs\MiKTeX\tex/latex/pgf/basiclayer\pg
fcore.sty
(C:\Users\Laptopkaran\AppData\Local\Programs\MiKTeX\tex/latex/pgf/systemlayer\p
gfsys.sty
(C:\Users\Laptopkaran\AppData\Local\Programs\MiKTeX\tex/generic/pgf/systemlayer
\pgfsys.code.tex
Package: pgfsys 2023-01-15 v3.1.10 (3.1.10)

(C:\Users\Laptopkaran\AppData\Local\Programs\MiKTeX\tex/generic/pgf/utilities\p
gfkeys.code.tex
\pgfkeys@pathtoks=\toks38
\pgfkeys@temptoks=\toks39

(C:\Users\Laptopkaran\AppData\Local\Programs\MiKTeX\tex/generic/pgf/utilities\p
gfkeyslibraryfiltered.code.tex
\pgfkeys@tmptoks=\toks40
))
\pgf@x=\dimen181
\pgf@y=\dimen182
\pgf@xa=\dimen183
\pgf@ya=\dimen184
\pgf@xb=\dimen185
\pgf@yb=\dimen186
\pgf@xc=\dimen187
\pgf@yc=\dimen188
\pgf@xd=\dimen189
\pgf@yd=\dimen190
\w@pgf@writea=\write3
\r@pgf@reada=\read2
\c@pgf@counta=\count298
\c@pgf@countb=\count299
\c@pgf@countc=\count300
\c@pgf@countd=\count301
\t@pgf@toka=\toks41
\t@pgf@tokb=\toks42
\t@pgf@tokc=\toks43
\pgf@sys@id@count=\count302

(C:\Users\Laptopkaran\AppData\Local\Programs\MiKTeX\tex/generic/pgf/systemlayer
\pgf.cfg
File: pgf.cfg 2023-01-15 v3.1.10 (3.1.10)
)
Driver file for pgf: pgfsys-xetex.def

(C:\Users\Laptopkaran\AppData\Local\Programs\MiKTeX\tex/generic/pgf/systemlayer
\pgfsys-xetex.def
File: pgfsys-xetex.def 2023-01-15 v3.1.10 (3.1.10)

(C:\Users\Laptopkaran\AppData\Local\Programs\MiKTeX\tex/generic/pgf/systemlayer
\pgfsys-dvipdfmx.def
File: pgfsys-dvipdfmx.def 2023-01-15 v3.1.10 (3.1.10)

(C:\Users\Laptopkaran\AppData\Local\Programs\MiKTeX\tex/generic/pgf/systemlayer
\pgfsys-common-pdf.def
File: pgfsys-common-pdf.def 2023-01-15 v3.1.10 (3.1.10)
)
\pgfsys@objnum=\count303
)))
(C:\Users\Laptopkaran\AppData\Local\Programs\MiKTeX\tex/generic/pgf/systemlayer
\pgfsyssoftpath.code.tex
File: pgfsyssoftpath.code.tex 2023-01-15 v3.1.10 (3.1.10)
\pgfsyssoftpath@smallbuffer@items=\count304
\pgfsyssoftpath@bigbuffer@items=\count305
)
(C:\Users\Laptopkaran\AppData\Local\Programs\MiKTeX\tex/generic/pgf/systemlayer
\pgfsysprotocol.code.tex
File: pgfsysprotocol.code.tex 2023-01-15 v3.1.10 (3.1.10)
))
(C:\Users\Laptopkaran\AppData\Local\Programs\MiKTeX\tex/generic/pgf/basiclayer\
pgfcore.code.tex
Package: pgfcore 2023-01-15 v3.1.10 (3.1.10)

(C:\Users\Laptopkaran\AppData\Local\Programs\MiKTeX\tex/generic/pgf/math\pgfmat
h.code.tex
(C:\Users\Laptopkaran\AppData\Local\Programs\MiKTeX\tex/generic/pgf/math\pgfmat
hutil.code.tex)
(C:\Users\Laptopkaran\AppData\Local\Programs\MiKTeX\tex/generic/pgf/math\pgfmat
hparser.code.tex
\pgfmath@dimen=\dimen191
\pgfmath@count=\count306
\pgfmath@box=\box60
\pgfmath@toks=\toks44
\pgfmath@stack@operand=\toks45
\pgfmath@stack@operation=\toks46
)
(C:\Users\Laptopkaran\AppData\Local\Programs\MiKTeX\tex/generic/pgf/math\pgfmat
hfunctions.code.tex)
(C:\Users\Laptopkaran\AppData\Local\Programs\MiKTeX\tex/generic/pgf/math\pgfmat
hfunctions.basic.code.tex)
(C:\Users\Laptopkaran\AppData\Local\Programs\MiKTeX\tex/generic/pgf/math\pgfmat
hfunctions.trigonometric.code.tex)
(C:\Users\Laptopkaran\AppData\Local\Programs\MiKTeX\tex/generic/pgf/math\pgfmat
hfunctions.random.code.tex)
(C:\Users\Laptopkaran\AppData\Local\Programs\MiKTeX\tex/generic/pgf/math\pgfmat
hfunctions.comparison.code.tex)
(C:\Users\Laptopkaran\AppData\Local\Programs\MiKTeX\tex/generic/pgf/math\pgfmat
hfunctions.base.code.tex)
(C:\Users\Laptopkaran\AppData\Local\Programs\MiKTeX\tex/generic/pgf/math\pgfmat
hfunctions.round.code.tex)
(C:\Users\Laptopkaran\AppData\Local\Programs\MiKTeX\tex/generic/pgf/math\pgfmat
hfunctions.misc.code.tex)
(C:\Users\Laptopkaran\AppData\Local\Programs\MiKTeX\tex/generic/pgf/math\pgfmat
hfunctions.integerarithmetics.code.tex)
(C:\Users\Laptopkaran\AppData\Local\Programs\MiKTeX\tex/generic/pgf/math\pgfmat
hcalc.code.tex)
(C:\Users\Laptopkaran\AppData\Local\Programs\MiKTeX\tex/generic/pgf/math\pgfmat
hfloat.code.tex
\c@pgfmathroundto@lastzeros=\count307
))
(C:\Users\Laptopkaran\AppData\Local\Programs\MiKTeX\tex/generic/pgf/math\pgfint
.code.tex)
(C:\Users\Laptopkaran\AppData\Local\Programs\MiKTeX\tex/generic/pgf/basiclayer\
pgfcorepoints.code.tex
File: pgfcorepoints.code.tex 2023-01-15 v3.1.10 (3.1.10)
\pgf@picminx=\dimen192
\pgf@picmaxx=\dimen193
\pgf@picminy=\dimen194
\pgf@picmaxy=\dimen195
\pgf@pathminx=\dimen196
\pgf@pathmaxx=\dimen197
\pgf@pathminy=\dimen198
\pgf@pathmaxy=\dimen199
\pgf@xx=\dimen256
\pgf@xy=\dimen257
\pgf@yx=\dimen258
\pgf@yy=\dimen259
\pgf@zx=\dimen260
\pgf@zy=\dimen261
)
(C:\Users\Laptopkaran\AppData\Local\Programs\MiKTeX\tex/generic/pgf/basiclayer\
pgfcorepathconstruct.code.tex
File: pgfcorepathconstruct.code.tex 2023-01-15 v3.1.10 (3.1.10)
\pgf@path@lastx=\dimen262
\pgf@path@lasty=\dimen263
)
(C:\Users\Laptopkaran\AppData\Local\Programs\MiKTeX\tex/generic/pgf/basiclayer\
pgfcorepathusage.code.tex
File: pgfcorepathusage.code.tex 2023-01-15 v3.1.10 (3.1.10)
\pgf@shorten@end@additional=\dimen264
\pgf@shorten@start@additional=\dimen265
)
(C:\Users\Laptopkaran\AppData\Local\Programs\MiKTeX\tex/generic/pgf/basiclayer\
pgfcorescopes.code.tex
File: pgfcorescopes.code.tex 2023-01-15 v3.1.10 (3.1.10)
\pgfpic=\box61
\pgf@hbox=\box62
\pgf@layerbox@main=\box63
\pgf@picture@serial@count=\count308
)
(C:\Users\Laptopkaran\AppData\Local\Programs\MiKTeX\tex/generic/pgf/basiclayer\
pgfcoregraphicstate.code.tex
File: pgfcoregraphicstate.code.tex 2023-01-15 v3.1.10 (3.1.10)
\pgflinewidth=\dimen266
)
(C:\Users\Laptopkaran\AppData\Local\Programs\MiKTeX\tex/generic/pgf/basiclayer\
pgfcoretransformations.code.tex
File: pgfcoretransformations.code.tex 2023-01-15 v3.1.10 (3.1.10)
\pgf@pt@x=\dimen267
\pgf@pt@y=\dimen268
\pgf@pt@temp=\dimen269
)
(C:\Users\Laptopkaran\AppData\Local\Programs\MiKTeX\tex/generic/pgf/basiclayer\
pgfcorequick.code.tex
File: pgfcorequick.code.tex 2023-01-15 v3.1.10 (3.1.10)
)
(C:\Users\Laptopkaran\AppData\Local\Programs\MiKTeX\tex/generic/pgf/basiclayer\
pgfcoreobjects.code.tex
File: pgfcoreobjects.code.tex 2023-01-15 v3.1.10 (3.1.10)
)
(C:\Users\Laptopkaran\AppData\Local\Programs\MiKTeX\tex/generic/pgf/basiclayer\
pgfcorepathprocessing.code.tex
File: pgfcorepathprocessing.code.tex 2023-01-15 v3.1.10 (3.1.10)
)
(C:\Users\Laptopkaran\AppData\Local\Programs\MiKTeX\tex/generic/pgf/basiclayer\
pgfcorearrows.code.tex
File: pgfcorearrows.code.tex 2023-01-15 v3.1.10 (3.1.10)
\pgfarrowsep=\dimen270
)
(C:\Users\Laptopkaran\AppData\Local\Programs\MiKTeX\tex/generic/pgf/basiclayer\
pgfcoreshade.code.tex
File: pgfcoreshade.code.tex 2023-01-15 v3.1.10 (3.1.10)
\pgf@max=\dimen271
\pgf@sys@shading@range@num=\count309
\pgf@shadingcount=\count310
)
(C:\Users\Laptopkaran\AppData\Local\Programs\MiKTeX\tex/generic/pgf/basiclayer\
pgfcoreimage.code.tex
File: pgfcoreimage.code.tex 2023-01-15 v3.1.10 (3.1.10)
)
(C:\Users\Laptopkaran\AppData\Local\Programs\MiKTeX\tex/generic/pgf/basiclayer\
pgfcoreexternal.code.tex
File: pgfcoreexternal.code.tex 2023-01-15 v3.1.10 (3.1.10)
\pgfexternal@startupbox=\box64
)
(C:\Users\Laptopkaran\AppData\Local\Programs\MiKTeX\tex/generic/pgf/basiclayer\
pgfcorelayers.code.tex
File: pgfcorelayers.code.tex 2023-01-15 v3.1.10 (3.1.10)
)
(C:\Users\Laptopkaran\AppData\Local\Programs\MiKTeX\tex/generic/pgf/basiclayer\
pgfcoretransparency.code.tex
File: pgfcoretransparency.code.tex 2023-01-15 v3.1.10 (3.1.10)
)
(C:\Users\Laptopkaran\AppData\Local\Programs\MiKTeX\tex/generic/pgf/basiclayer\
pgfcorepatterns.code.tex
File: pgfcorepatterns.code.tex 2023-01-15 v3.1.10 (3.1.10)
)
(C:\Users\Laptopkaran\AppData\Local\Programs\MiKTeX\tex/generic/pgf/basiclayer\
pgfcorerdf.code.tex
File: pgfcorerdf.code.tex 2023-01-15 v3.1.10 (3.1.10)
)))
(C:\Users\Laptopkaran\AppData\Local\Programs\MiKTeX\tex/generic/pgf/modules\pgf
moduleshapes.code.tex
File: pgfmoduleshapes.code.tex 2023-01-15 v3.1.10 (3.1.10)
\pgfnodeparttextbox=\box65
)
(C:\Users\Laptopkaran\AppData\Local\Programs\MiKTeX\tex/generic/pgf/modules\pgf
moduleplot.code.tex
File: pgfmoduleplot.code.tex 2023-01-15 v3.1.10 (3.1.10)
)
(C:\Users\Laptopkaran\AppData\Local\Programs\MiKTeX\tex/latex/pgf/compatibility
\pgfcomp-version-0-65.sty
Package: pgfcomp-version-0-65 2023-01-15 v3.1.10 (3.1.10)
\pgf@nodesepstart=\dimen272
\pgf@nodesepend=\dimen273
)
(C:\Users\Laptopkaran\AppData\Local\Programs\MiKTeX\tex/latex/pgf/compatibility
\pgfcomp-version-1-18.sty
Package: pgfcomp-version-1-18 2023-01-15 v3.1.10 (3.1.10)
))
(C:\Users\Laptopkaran\AppData\Local\Programs\MiKTeX\tex/latex/pgf/utilities\pgf
for.sty
(C:\Users\Laptopkaran\AppData\Local\Programs\MiKTeX\tex/latex/pgf/utilities\pgf
keys.sty
(C:\Users\Laptopkaran\AppData\Local\Programs\MiKTeX\tex/generic/pgf/utilities\p
gfkeys.code.tex))
(C:\Users\Laptopkaran\AppData\Local\Programs\MiKTeX\tex/latex/pgf/math\pgfmath.
sty
(C:\Users\Laptopkaran\AppData\Local\Programs\MiKTeX\tex/generic/pgf/math\pgfmat
h.code.tex))
(C:\Users\Laptopkaran\AppData\Local\Programs\MiKTeX\tex/generic/pgf/utilities\p
gffor.code.tex
Package: pgffor 2023-01-15 v3.1.10 (3.1.10)
\pgffor@iter=\dimen274
\pgffor@skip=\dimen275
\pgffor@stack=\toks47
\pgffor@toks=\toks48
))
(C:\Users\Laptopkaran\AppData\Local\Programs\MiKTeX\tex/generic/pgf/frontendlay
er/tikz\tikz.code.tex
Package: tikz 2023-01-15 v3.1.10 (3.1.10)

(C:\Users\Laptopkaran\AppData\Local\Programs\MiKTeX\tex/generic/pgf/libraries\p
gflibraryplothandlers.code.tex
File: pgflibraryplothandlers.code.tex 2023-01-15 v3.1.10 (3.1.10)
\pgf@plot@mark@count=\count311
\pgfplotmarksize=\dimen276
)
\tikz@lastx=\dimen277
\tikz@lasty=\dimen278
\tikz@lastxsaved=\dimen279
\tikz@lastysaved=\dimen280
\tikz@lastmovetox=\dimen281
\tikz@lastmovetoy=\dimen282
\tikzleveldistance=\dimen283
\tikzsiblingdistance=\dimen284
\tikz@figbox=\box66
\tikz@figbox@bg=\box67
\tikz@tempbox=\box68
\tikz@tempbox@bg=\box69
\tikztreelevel=\count312
\tikznumberofchildren=\count313
\tikznumberofcurrentchild=\count314
\tikz@fig@count=\count315

(C:\Users\Laptopkaran\AppData\Local\Programs\MiKTeX\tex/generic/pgf/modules\pgf
modulematrix.code.tex
File: pgfmodulematrix.code.tex 2023-01-15 v3.1.10 (3.1.10)
\pgfmatrixcurrentrow=\count316
\pgfmatrixcurrentcolumn=\count317
\pgf@matrix@numberofcolumns=\count318
)
\tikz@expandcount=\count319

(C:\Users\Laptopkaran\AppData\Local\Programs\MiKTeX\tex/generic/pgf/frontendlay
er/tikz/libraries\tikzlibrarytopaths.code.tex
File: tikzlibrarytopaths.code.tex 2023-01-15 v3.1.10 (3.1.10)
)))
(C:\Users\Laptopkaran\AppData\Local\Programs\MiKTeX\tex/generic/pgf/frontendlay
er/tikz/libraries\tikzlibrarypositioning.code.tex
File: tikzlibrarypositioning.code.tex 2023-01-15 v3.1.10 (3.1.10)
)
(C:\Users\Laptopkaran\AppData\Local\Programs\MiKTeX\tex/latex/tools\calc.sty
Package: calc 2023/07/08 v4.3 Infix arithmetic (KKT,FJ)
\calc@Acount=\count320
\calc@Bcount=\count321
\calc@Adimen=\dimen285
\calc@Bdimen=\dimen286
\calc@Askip=\skip63
\calc@Bskip=\skip64
LaTeX Info: Redefining \setlength on input line 80.
LaTeX Info: Redefining \addtolength on input line 81.
\calc@Ccount=\count322
\calc@Cskip=\skip65
)
\c@@todonotes@numberoftodonotes=\count323
)
(C:\Users\Laptopkaran\AppData\Local\Programs\MiKTeX\tex/latex/fancyhdr\fancyhdr
.sty
Package: fancyhdr 2024/07/23 v4.3.1 Extensive control of page headers and foote
rs
\f@nch@headwidth=\skip66
\f@nch@O@elh=\skip67
\f@nch@O@erh=\skip68
\f@nch@O@olh=\skip69
\f@nch@O@orh=\skip70
\f@nch@O@elf=\skip71
\f@nch@O@erf=\skip72
\f@nch@O@olf=\skip73
\f@nch@O@orf=\skip74
)
(C:\Users\Laptopkaran\AppData\Local\Programs\MiKTeX\tex/latex/setspace\setspace
.sty
Package: setspace 2022/12/04 v6.7b set line spacing
)
(C:\Users\Laptopkaran\AppData\Local\Programs\MiKTeX\tex/latex/algorithms\algori
thm.sty
Invalid UTF-8 byte or sequence at line 11 replaced by U+FFFD.
Package: algorithm 2009/08/24 v0.1 Document Style `algorithm' - floating enviro
nment

(C:\Users\Laptopkaran\AppData\Local\Programs\MiKTeX\tex/latex/float\float.sty
Package: float 2001/11/08 v1.3d Float enhancements (AL)
\c@float@type=\count324
\float@exts=\toks49
\float@box=\box70
\@float@everytoks=\toks50
\@floatcapt=\box71
)
\@float@every@algorithm=\toks51
\c@algorithm=\count325
)
(C:\Users\Laptopkaran\AppData\Local\Programs\MiKTeX\tex/latex/algorithms\algori
thmic.sty
Invalid UTF-8 byte or sequence at line 11 replaced by U+FFFD.
Package: algorithmic 2009/08/24 v0.1 Document Style `algorithmic'
\c@ALC@unique=\count326
\c@ALC@line=\count327
\c@ALC@rem=\count328
\c@ALC@depth=\count329
\ALC@tlm=\skip75
\algorithmicindent=\skip76
)
(C:\Users\Laptopkaran\AppData\Local\Programs\MiKTeX\tex/latex/tabulary\tabulary
.sty
Package: tabulary 2024/06/04 v0.11 tabulary package (DPC)


LaTeX Warning: You have requested, on input line 20, version
               `2024/05/23' of package array,
               but only version
               `2023/10/16 v2.5g Tabular extension package (FMi)'
               is available.

\TY@count=\count330
\TY@linewidth=\dimen287
\tymin=\dimen288
\tymax=\dimen289
\TY@tablewidth=\dimen290
)
(C:\Users\Laptopkaran\AppData\Local\Programs\MiKTeX\tex/latex/tools\tabularx.st
y
Package: tabularx 2023/07/08 v2.11c `tabularx' package (DPC)
\TX@col@width=\dimen291
\TX@old@table=\dimen292
\TX@old@col=\dimen293
\TX@target=\dimen294
\TX@delta=\dimen295
\TX@cols=\count331
\TX@ftn=\toks52
)
(C:\Users\Laptopkaran\AppData\Local\Programs\MiKTeX\tex/latex/graphics\rotating
.sty
Package: rotating 2016/08/11 v2.16d rotated objects in LaTeX
\c@r@tfl@t=\count332
\rotFPtop=\skip77
\rotFPbot=\skip78
\rot@float@box=\box72
\rot@mess@toks=\toks53
)
(C:\Users\Laptopkaran\AppData\Local\Programs\MiKTeX\tex/latex/adjustbox\adjustb
ox.sty
Package: adjustbox 2022/10/17 v1.3a Adjusting TeX boxes (trim, clip, ...)

(C:\Users\Laptopkaran\AppData\Local\Programs\MiKTeX\tex/latex/adjustbox\adjcalc
.sty
Package: adjcalc 2012/05/16 v1.1 Provides advanced setlength with multiple back
-ends (calc, etex, pgfmath)
)
(C:\Users\Laptopkaran\AppData\Local\Programs\MiKTeX\tex/latex/adjustbox\trimcli
p.sty
Package: trimclip 2020/08/19 v1.2 Trim and clip general TeX material

(C:\Users\Laptopkaran\AppData\Local\Programs\MiKTeX\tex/latex/collectbox\collec
tbox.sty
Package: collectbox 2022/10/17 v0.4c Collect macro arguments as boxes
\collectedbox=\box73
)
\tc@llx=\dimen296
\tc@lly=\dimen297
\tc@urx=\dimen298
\tc@ury=\dimen299
Package trimclip Info: Using driver 'tc-xetex.def'.

(C:\Users\Laptopkaran\AppData\Local\Programs\MiKTeX\tex/latex/adjustbox\tc-xete
x.def
File: tc-xetex.def 2019/01/04 v2.2 Clipping driver for xetex
))
\adjbox@Width=\dimen300
\adjbox@Height=\dimen301
\adjbox@Depth=\dimen302
\adjbox@Totalheight=\dimen303
\adjbox@pwidth=\dimen304
\adjbox@pheight=\dimen305
\adjbox@pdepth=\dimen306
\adjbox@ptotalheight=\dimen307

(C:\Users\Laptopkaran\AppData\Local\Programs\MiKTeX\tex/latex/ifoddpage\ifoddpa
ge.sty
Package: ifoddpage 2022/10/18 v1.2 Conditionals for odd/even page detection
\c@checkoddpage=\count333
)
(C:\Users\Laptopkaran\AppData\Local\Programs\MiKTeX\tex/latex/varwidth\varwidth
.sty
Package: varwidth 2009/03/30 ver 0.92;  Variable-width minipages
\@vwid@box=\box74
\sift@deathcycles=\count334
\@vwid@loff=\dimen308
\@vwid@roff=\dimen309
))
(C:\Users\Laptopkaran\AppData\Local\Programs\MiKTeX\tex/latex/subfig\subfig.sty
Package: subfig 2005/06/28 ver: 1.3 subfig package

(C:\Users\Laptopkaran\AppData\Local\Programs\MiKTeX\tex/latex/caption\caption.s
ty
Package: caption 2023/08/05 v3.6o Customizing captions (AR)

(C:\Users\Laptopkaran\AppData\Local\Programs\MiKTeX\tex/latex/caption\caption3.
sty
Package: caption3 2023/07/31 v2.4d caption3 kernel (AR)
\caption@tempdima=\dimen310
\captionmargin=\dimen311
\caption@leftmargin=\dimen312
\caption@rightmargin=\dimen313
\caption@width=\dimen314
\caption@indent=\dimen315
\caption@parindent=\dimen316
\caption@hangindent=\dimen317
Package caption Info: Standard document class detected.
)
\c@caption@flags=\count335
\c@continuedfloat=\count336
Package caption Info: float package is loaded.
Package caption Info: hyperref package is loaded.
Package caption Info: listings package is loaded.
Package caption Info: rotating package is loaded.
)
\c@KVtest=\count337
\sf@farskip=\skip79
\sf@captopadj=\dimen318
\sf@capskip=\skip80
\sf@nearskip=\skip81
\c@subfigure=\count338
\c@subfigure@save=\count339
\c@lofdepth=\count340
\c@subtable=\count341
\c@subtable@save=\count342
\c@lotdepth=\count343
\sf@top=\skip82
\sf@bottom=\skip83
)
(C:\Users\Laptopkaran\AppData\Local\Programs\MiKTeX\tex/latex/tocloft\tocloft.s
ty
Package: tocloft 2017/08/31 v2.3i parameterised ToC, etc., typesetting
Package tocloft Info: The document has chapter divisions on input line 51.
\cftparskip=\skip84
\cftbeforetoctitleskip=\skip85
\cftaftertoctitleskip=\skip86
\cftbeforepartskip=\skip87
\cftpartnumwidth=\skip88
\cftpartindent=\skip89
\cftbeforechapskip=\skip90
\cftchapindent=\skip91
\cftchapnumwidth=\skip92
\cftbeforesecskip=\skip93
\cftsecindent=\skip94
\cftsecnumwidth=\skip95
\cftbeforesubsecskip=\skip96
\cftsubsecindent=\skip97
\cftsubsecnumwidth=\skip98
\cftbeforesubsubsecskip=\skip99
\cftsubsubsecindent=\skip100
\cftsubsubsecnumwidth=\skip101
\cftbeforeparaskip=\skip102
\cftparaindent=\skip103
\cftparanumwidth=\skip104
\cftbeforesubparaskip=\skip105
\cftsubparaindent=\skip106
\cftsubparanumwidth=\skip107
\cftbeforeloftitleskip=\skip108
\cftafterloftitleskip=\skip109
\cftbeforefigskip=\skip110
\cftfigindent=\skip111
\cftfignumwidth=\skip112
\cftbeforelottitleskip=\skip113
\cftafterlottitleskip=\skip114
\cftbeforetabskip=\skip115
\cfttabindent=\skip116
\cfttabnumwidth=\skip117
\cftbeforesubfigskip=\skip118
\cftsubfigindent=\skip119
\cftsubfignumwidth=\skip120
\cftbeforesubtabskip=\skip121
\cftsubtabindent=\skip122
\cftsubtabnumwidth=\skip123
)
(C:\Users\Laptopkaran\AppData\Local\Programs\MiKTeX\tex/latex/tocbibind\tocbibi
nd.sty
Package: tocbibind 2010/10/13 v1.5k extra ToC listings
Package tocbibind Info: The document has chapter divisions on input line 50.


Package tocbibind Note: Using chapter style headings, unless overridden.

)
(C:\Users\Laptopkaran\AppData\Local\Programs\MiKTeX\tex/latex/base\makeidx.sty
Package: makeidx 2021/10/04 v1.0m Standard LaTeX package
)
\@indexfile=\write4
\openout4 = `main.idx'.

Writing index file main.idx

(C:\Users\Laptopkaran\AppData\Local\Programs\MiKTeX\tex/latex/glossaries/base\g
lossaries.sty
Package: glossaries 2024/04/03 v4.54 (NLCT)

(C:\Users\Laptopkaran\AppData\Local\Programs\MiKTeX\tex/latex/mfirstuc\mfirstuc
.sty
Package: mfirstuc 2022/10/14 v2.08 (NLCT)
\@glsmfirst=\toks54
\@glsmrest=\toks55
)
(C:\Users\Laptopkaran\AppData\Local\Programs\MiKTeX\tex/latex/xfor\xfor.sty
Package: xfor 2009/02/05 v1.05 (NLCT)
)
(C:\Users\Laptopkaran\AppData\Local\Programs\MiKTeX\tex/latex/datatool\datatool
-base.sty
Package: datatool-base 2019/09/27 v2.32 (NLCT)

(C:\Users\Laptopkaran\AppData\Local\Programs\MiKTeX\tex/latex/substr\substr.sty
Package: substr 2009/10/20 v1.2 Handle substrings
\c@su@anzahl=\count344
)
(C:\Users\Laptopkaran\AppData\Local\Programs\MiKTeX\tex/latex/datatool\datatool
-fp.sty
Package: datatool-fp 2019/09/27 v2.32 (NLCT)
 (C:\Users\Laptopkaran\AppData\Local\Programs\MiKTeX\tex/latex/fp\fp.sty
Package: fp 1995/04/02
`Fixed Point Package', Version 0.8, April 2, 1995 (C) Michael Mehlich
(C:\Users\Laptopkaran\AppData\Local\Programs\MiKTeX\tex/latex/fp\defpattern.sty
Package: defpattern 1994/10/12
\actioncount=\count345
) (C:\Users\Laptopkaran\AppData\Local\Programs\MiKTeX\tex/latex/fp\fp-basic.sty
Package: fp-basic 1996/05/13
\FP@xs=\count346
\FP@xia=\count347
\FP@xib=\count348
\FP@xfa=\count349
\FP@xfb=\count350
\FP@rega=\count351
\FP@regb=\count352
\FP@regs=\count353
\FP@times=\count354
)
(C:\Users\Laptopkaran\AppData\Local\Programs\MiKTeX\tex/latex/fp\fp-addons.sty
Package: fp-addons 1995/03/15
) (C:\Users\Laptopkaran\AppData\Local\Programs\MiKTeX\tex/latex/fp\fp-snap.sty
Package: fp-snap 1995/04/05
)
(C:\Users\Laptopkaran\AppData\Local\Programs\MiKTeX\tex/latex/fp\fp-exp.sty
Package: fp-exp 1995/04/03
)
(C:\Users\Laptopkaran\AppData\Local\Programs\MiKTeX\tex/latex/fp\fp-trigo.sty
Package: fp-trigo 1995/04/14
)
(C:\Users\Laptopkaran\AppData\Local\Programs\MiKTeX\tex/latex/fp\fp-pas.sty
Package: fp-pas 1994/08/29
)
(C:\Users\Laptopkaran\AppData\Local\Programs\MiKTeX\tex/latex/fp\fp-random.sty
Package: fp-random 1995/02/23
\FPseed=\count355
) (C:\Users\Laptopkaran\AppData\Local\Programs\MiKTeX\tex/latex/fp\fp-eqn.sty
Package: fp-eqn 1995/04/03
)
(C:\Users\Laptopkaran\AppData\Local\Programs\MiKTeX\tex/latex/fp\fp-upn.sty
Package: fp-upn 1996/10/21
)
(C:\Users\Laptopkaran\AppData\Local\Programs\MiKTeX\tex/latex/fp\fp-eval.sty
Package: fp-eval 1995/04/03
)))
\@dtl@toks=\toks56
\@dtl@tmpcount=\count356
\dtl@tmplength=\skip124
\dtl@sortresult=\count357
\@dtl@numgrpsepcount=\count358
\@dtl@datatype=\count359
\dtl@codeA=\count360
\dtl@codeB=\count361
\@dtl@foreach@level=\count362
)
\gls@level=\count363
\@gls@tmpb=\toks57
\gls@tmplen=\skip125
\glskeylisttok=\toks58
\glslabeltok=\toks59
\glsshorttok=\toks60
\glslongtok=\toks61

(C:\Users\Laptopkaran\AppData\Local\Programs\MiKTeX\tex/latex/glossaries/styles
\glossary-hypernav.sty
Package: glossary-hypernav 2024/04/03 v4.54 (NLCT)
)
(C:\Users\Laptopkaran\AppData\Local\Programs\MiKTeX\tex/latex/glossaries/styles
\glossary-list.sty
Package: glossary-list 2024/04/03 v4.54 (NLCT)
\glslistdottedwidth=\skip126
)
(C:\Users\Laptopkaran\AppData\Local\Programs\MiKTeX\tex/latex/glossaries/styles
\glossary-long.sty
Package: glossary-long 2024/04/03 v4.54 (NLCT)

(C:\Users\Laptopkaran\AppData\Local\Programs\MiKTeX\tex/latex/tools\longtable.s
ty
Package: longtable 2023-11-01 v4.19 Multi-page Table package (DPC)
\LTleft=\skip127
\LTright=\skip128
\LTpre=\skip129
\LTpost=\skip130
\LTchunksize=\count364
\LTcapwidth=\dimen319
\LT@head=\box75
\LT@firsthead=\box76
\LT@foot=\box77
\LT@lastfoot=\box78
\LT@gbox=\box79
\LT@cols=\count365
\LT@rows=\count366
\c@LT@tables=\count367
\c@LT@chunks=\count368
\LT@p@ftn=\toks62
)
\glsdescwidth=\skip131
\glspagelistwidth=\skip132
)
(C:\Users\Laptopkaran\AppData\Local\Programs\MiKTeX\tex/latex/glossaries/styles
\glossary-super.sty
Package: glossary-super 2024/04/03 v4.54 (NLCT)

(C:\Users\Laptopkaran\AppData\Local\Programs\MiKTeX\tex/latex/supertabular\supe
rtabular.sty
Package: supertabular 2024/07/20 v4.2c the supertabular environment
\c@tracingst=\count369
\ST@wd=\dimen320
\ST@rightskip=\skip133
\ST@leftskip=\skip134
\ST@parfillskip=\skip135
\ST@pageleft=\dimen321
\ST@headht=\dimen322
\ST@tailht=\dimen323
\ST@pagesofar=\dimen324
\ST@pboxht=\dimen325
\ST@rowht=\dimen326
\ST@prevht=\dimen327
\ST@toadd=\dimen328
\ST@dimen=\dimen329
\ST@pbox=\box80
))
(C:\Users\Laptopkaran\AppData\Local\Programs\MiKTeX\tex/latex/glossaries/styles
\glossary-tree.sty
Package: glossary-tree 2024/04/03 v4.54 (NLCT)
\glstreeindent=\skip136
))
(C:\Users\Laptopkaran\AppData\Local\Programs\MiKTeX\tex/latex/tools\indentfirst
.sty
Package: indentfirst 2023/07/02 v1.03 Indent first paragraph (DPC)
)
(C:\Users\Laptopkaran\AppData\Local\Programs\MiKTeX\tex/latex/morewrites\morewr
ites.sty
(C:\Users\Laptopkaran\AppData\Local\Programs\MiKTeX\tex/latex/morewrites\primar
gs.sty
Package: primargs 2024/02/02 Parsing arguments of primitives
)
Package: morewrites 2024/02/02 Always room for a new write
\g__morewrites_later_int=\count370
\l__morewrites_user_int=\count371
\g__morewrites_iow=\write5
\g__morewrites_ior=\read3
\g__morewrites_group_level_int=\count372
\g__morewrites_shipout_box=\box81
\l__morewrites_collect_next_int=\count373
\g__morewrites_alloc_write_int=\count374
)
(C:\Users\Laptopkaran\AppData\Local\Programs\MiKTeX\tex/xelatex/xepersian\xeper
sian.sty
Package: xepersian 2023/08/30 v25.0 (Release Women, Life, and Freedom) Persian 
typesetting in XeLaTeX

(C:\Users\Laptopkaran\AppData\Local\Programs\MiKTeX\tex/latex/fontspec\fontspec
.sty
(C:\Users\Laptopkaran\AppData\Local\Programs\MiKTeX\tex/latex/l3packages/xparse
\xparse.sty
(C:\Users\Laptopkaran\AppData\Local\Programs\MiKTeX\tex/latex/l3kernel\expl3.st
y
Package: expl3 2024-01-04 L3 programming layer (loader) 

(C:\Users\Laptopkaran\AppData\Local\Programs\MiKTeX\tex/latex/l3backend\l3backe
nd-xetex.def
File: l3backend-xetex.def 2024-01-04 L3 backend support: XeTeX
\g__graphics_track_int=\count375
\l__pdf_internal_box=\box82
\g__pdf_backend_object_int=\count376
\g__pdf_backend_annotation_int=\count377
\g__pdf_backend_link_int=\count378
))
Package: xparse 2023-10-10 L3 Experimental document command parser
)
Package: fontspec 2022/01/15 v2.8a Font selection for XeLaTeX and LuaLaTeX

(C:\Users\Laptopkaran\AppData\Local\Programs\MiKTeX\tex/latex/fontspec\fontspec
-xetex.sty
Package: fontspec-xetex 2022/01/15 v2.8a Font selection for XeLaTeX and LuaLaTe
X
\l__fontspec_script_int=\count379
\l__fontspec_language_int=\count380
\l__fontspec_strnum_int=\count381
\l__fontspec_tmp_int=\count382
\l__fontspec_tmpa_int=\count383
\l__fontspec_tmpb_int=\count384
\l__fontspec_tmpc_int=\count385
\l__fontspec_em_int=\count386
\l__fontspec_emdef_int=\count387
\l__fontspec_strong_int=\count388
\l__fontspec_strongdef_int=\count389
\l__fontspec_tmpa_dim=\dimen330
\l__fontspec_tmpb_dim=\dimen331
\l__fontspec_tmpc_dim=\dimen332

(C:\Users\Laptopkaran\AppData\Local\Programs\MiKTeX\tex/latex/base\fontenc.sty
Package: fontenc 2021/04/29 v2.0v Standard LaTeX package
)
(C:\Users\Laptopkaran\AppData\Local\Programs\MiKTeX\tex/latex/fontspec\fontspec
.cfg)))
(C:\Users\Laptopkaran\AppData\Local\Programs\MiKTeX\tex/xelatex/xepersian\xeper
sian-persiancal.sty
Package: xepersian-persiancal 2012/07/25 v0.2 provides Persian calendar
\XePersian@i=\count390
\XePersian@y=\count391
\XePersian@m=\count392
\XePersian@d=\count393
\XePersian@latini=\count394
\XePersian@persiani=\count395
\XePersian@latinii=\count396
\XePersian@persianii=\count397
\XePersian@latiniii=\count398
\XePersian@persianiii=\count399
\XePersian@latiniv=\count400
\XePersian@persianiv=\count401
\XePersian@latinv=\count402
\XePersian@persianv=\count403
\XePersian@latinvi=\count404
\XePersian@persianvi=\count405
\XePersian@latinvii=\count406
\XePersian@persianvii=\count407
\XePersian@latinviii=\count408
\XePersian@persianviii=\count409
\XePersian@latinix=\count410
\XePersian@persianix=\count411
\XePersian@latinx=\count412
\XePersian@persianx=\count413
\XePersian@latinxi=\count414
\XePersian@persianxi=\count415
\XePersian@latinxii=\count416
\XePersian@persianxii=\count417
\XePersian@persianxiii=\count418
\XePersian@temp=\count419
\XePersian@temptwo=\count420
\XePersian@tempthree=\count421
\XePersian@yModHundred=\count422
\XePersian@thirtytwo=\count423
\XePersian@dn=\count424
\XePersian@sn=\count425
\XePersian@mminusone=\count426
)
(C:\Users\Laptopkaran\AppData\Local\Programs\MiKTeX\tex/xelatex/xepersian\xeper
sian-mathdigitspec.sty
Package: xepersian-mathdigitspec 2022/05/20 v1.2.0 Unicode Persian math digits 
in XeLaTeX
)
(C:\Users\Laptopkaran\AppData\Local\Programs\MiKTeX\tex/xelatex/bidi\bidi.sty
Package: bidi 2023/08/02 v39.8 (Release Donald Ervin Knuth) Bidirectional types
etting in plain TeX and LaTeX

****************************************************
* 
* bidi package (Bidirectional typesetting in
* plain TeX and LaTeX, using XeTeX engine)
* 
* Description: A convenient interface for
* typesetting bidirectional texts in plain TeX
* and LaTeX. The package includes adaptations
* for use with many other commonly-used packages.
* 
* Copyright (c) 2007--2023 Vafa Khalighi
* Copyright (c) 2018--2020 bidi-tex GitHub organization
* 
* v39.8 (Release Donald Ervin Knuth), 2023/08/02
* 
* License: LaTeX Project Public License, version
* 1.3c or higher (your choice)
* 
* Location on CTAN: /macros/xetex/latex/bidi
* 
* Issue tracker: https://github.com/kvafa/bidi/issues
* 
* Discussions: https://github.com/kvafa/bidi/discussions
* 
* Primary author of bidi package: Vafa Khalighi.
* 
****************************************************

(C:\Users\Laptopkaran\AppData\Local\Programs\MiKTeX\tex/xelatex/bidi\biditools.
sty
Package: biditools 2022/06/15 v2.3 Programming tools for bidi package
\@bidi@envbody=\toks63
\@bidi@emptytoks=\toks64
\bidi@poscount=\count427
\bidi@tempcountb=\count428
\bidi@temptoksa=\toks65
\bidi@temptoksb=\toks66
\bidi@dummies=\count429
\bidi@are@these@correct=\toks67
\bidi@toks@lista=\toks68
\bidi@toks@listb=\toks69
\bidi@stack@length=\count430
\bidi@empty@stack=\toks70
\bidi@looprepeat@depth=\count431
)
(C:\Users\Laptopkaran\AppData\Local\Programs\MiKTeX\tex/latex/zref\zref-abspage
.sty
Package: zref-abspage 2023-09-14 v2.35 Module abspage for zref (HO)

(C:\Users\Laptopkaran\AppData\Local\Programs\MiKTeX\tex/latex/zref\zref-base.st
y
Package: zref-base 2023-09-14 v2.35 Module base for zref (HO)

(C:\Users\Laptopkaran\AppData\Local\Programs\MiKTeX\tex/generic/etexcmds\etexcm
ds.sty
Package: etexcmds 2019/12/15 v1.7 Avoid name clashes with e-TeX commands (HO)
)
Package zref Info: New property list: main on input line 767.
Package zref Info: New property: default on input line 768.
Package zref Info: New property: page on input line 769.
)
\c@abspage=\count432
Package zref Info: New property: abspage on input line 67.
)
\@bidi@copyins@=\insert252

(C:\Users\Laptopkaran\AppData\Local\Programs\MiKTeX\tex/xelatex/bidi\latex-xete
x-bidi.def
File: latex-xetex-bidi.def 2022/07/04 v1.4.9 bidi adaptations for `latex.ltx' f
or XeTeX engine
\bidi@n@everypar=\toks71
\bidi@column@check@number=\count433

(C:\Users\Laptopkaran\AppData\Local\Programs\MiKTeX\tex/xelatex/bidi\footnote-x
etex-bidi.def
File: footnote-xetex-bidi.def 2023/01/18 v1.2 bidi footnote macros for XeTeX en
gine
\c@footdir@label=\count434
\footdir@toks=\toks72
)
(C:\Users\Laptopkaran\AppData\Local\Programs\MiKTeX\tex/xelatex/bidi\book-xetex
-bidi.def
File: book-xetex-bidi.def 2017/06/09 v1.0 bidi adaptations for standard book cl
ass for XeTeX engine
)
(C:\Users\Laptopkaran\AppData\Local\Programs\MiKTeX\tex/xelatex/bidi\amsmath-xe
tex-bidi.def
File: amsmath-xetex-bidi.def 2020/05/16 v1.2 bidi adaptations for amsmath packa
ge for XeTeX engine
)
(C:\Users\Laptopkaran\AppData\Local\Programs\MiKTeX\tex/xelatex/bidi\amstext-xe
tex-bidi.def
File: amstext-xetex-bidi.def 2016/09/12 v0.2 bidi adaptations for amstext packa
ge for XeTeX engine
)
(C:\Users\Laptopkaran\AppData\Local\Programs\MiKTeX\tex/xelatex/bidi\amsthm-xet
ex-bidi.def
File: amsthm-xetex-bidi.def 2010/07/25 v0.1 bidi adaptations for amsthm package
 for XeTeX engine
)
(C:\Users\Laptopkaran\AppData\Local\Programs\MiKTeX\tex/xelatex/bidi\caption-xe
tex-bidi.def
File: caption-xetex-bidi.def 2010/07/25 v0.1 bidi adaptations for caption packa
ge for XeTeX engine
)
(C:\Users\Laptopkaran\AppData\Local\Programs\MiKTeX\tex/xelatex/bidi\caption3-x
etex-bidi.def
File: caption3-xetex-bidi.def 2013/04/01 v0.1 bidi adaptations for caption3 pac
kage for XeTeX engine
)
(C:\Users\Laptopkaran\AppData\Local\Programs\MiKTeX\tex/xelatex/bidi\color-xete
x-bidi.def
File: color-xetex-bidi.def 2013/04/08 v0.2 bidi adaptations for color package f
or XeTeX engine
LaTeX Info: Redefining \color on input line 49.
)
(C:\Users\Laptopkaran\AppData\Local\Programs\MiKTeX\tex/xelatex/bidi\xcolor-xet
ex-bidi.def
File: xcolor-xetex-bidi.def 2022/06/13 v0.3 bidi adaptations for xcolor package
 for XeTeX engine
LaTeX Info: Redefining \color on input line 48.
LaTeX Info: Redefining \bidicolor on input line 91.
)
(C:\Users\Laptopkaran\AppData\Local\Programs\MiKTeX\tex/xelatex/bidi\colortbl-x
etex-bidi.def
File: colortbl-xetex-bidi.def 2012/06/10 v0.2 bidi adaptations for colortbl pac
kage for XeTeX engine
)
(C:\Users\Laptopkaran\AppData\Local\Programs\MiKTeX\tex/xelatex/bidi\float-xete
x-bidi.def
File: float-xetex-bidi.def 2013/04/04 v0.2 bidi adaptations for float package f
or XeTeX engine
)
(C:\Users\Laptopkaran\AppData\Local\Programs\MiKTeX\tex/xelatex/bidi\graphicx-x
etex-bidi.def
File: graphicx-xetex-bidi.def 2017/06/17 v0.5 bidi adaptations for graphicx pac
kage for XeTeX engine
)
(C:\Users\Laptopkaran\AppData\Local\Programs\MiKTeX\tex/xelatex/bidi\geometry-x
etex-bidi.def
File: geometry-xetex-bidi.def 2017/01/14 v0.2 bidi adaptations for geometry pac
kage for XeTeX engine
)
(C:\Users\Laptopkaran\AppData\Local\Programs\MiKTeX\tex/xelatex/bidi\tabularx-x
etex-bidi.def
File: tabularx-xetex-bidi.def 2014/11/08 v0.1 bidi adaptations for tabularx pac
kage for XeTeX engine
)
(C:\Users\Laptopkaran\AppData\Local\Programs\MiKTeX\tex/xelatex/bidi\longtable-
xetex-bidi.def
File: longtable-xetex-bidi.def 2022/05/20 v0.6 bidi adaptations for longtable p
ackage for XeTeX engine
)
(C:\Users\Laptopkaran\AppData\Local\Programs\MiKTeX\tex/xelatex/bidi\hyperref-x
etex-bidi.def
File: hyperref-xetex-bidi.def 2018/11/11 v1.1 bidi adaptations for hyperref pac
kage for XeTeX engine
)
(C:\Users\Laptopkaran\AppData\Local\Programs\MiKTeX\tex/xelatex/bidi\fancyhdr-x
etex-bidi.def
File: fancyhdr-xetex-bidi.def 2018/02/15 v0.7 bidi adaptations for fancyhdr pac
kage for XeTeX engine
)
(C:\Users\Laptopkaran\AppData\Local\Programs\MiKTeX\tex/xelatex/bidi\framed-xet
ex-bidi.def
File: framed-xetex-bidi.def 2012/06/05 v0.3 bidi adaptations for framed package
 for XeTeX engine
)
(C:\Users\Laptopkaran\AppData\Local\Programs\MiKTeX\tex/xelatex/bidi\listings-x
etex-bidi.def
File: listings-xetex-bidi.def 2018/09/15 v1.5 bidi adaptations for listings pac
kage for XeTeX engine
)
(C:\Users\Laptopkaran\AppData\Local\Programs\MiKTeX\tex/xelatex/bidi\pgfcoresco
pes.code-xetex-bidi.def
File: pgfcorescopes.code-xetex-bidi.def 2015/11/14 v0.1 bidi adaptations for pg
f package for XeTeX engine
)
(C:\Users\Laptopkaran\AppData\Local\Programs\MiKTeX\tex/xelatex/bidi\titlesec-x
etex-bidi.def
File: titlesec-xetex-bidi.def 2010/07/25 v0.1 bidi adaptations for titlesec pac
kage for XeTeX engine
)
(C:\Users\Laptopkaran\AppData\Local\Programs\MiKTeX\tex/xelatex/bidi\array-xete
x-bidi.def
File: array-xetex-bidi.def 2015/11/07 v0.3 bidi adaptations for array package f
or XeTeX engine
)
(C:\Users\Laptopkaran\AppData\Local\Programs\MiKTeX\tex/xelatex/bidi\pgfsys.cod
e-xetex-bidi.def
File: pgfsys.code-xetex-bidi.def 2022/06/01 v0.1 bidi adaptations for pgfsys.co
de.tex file for XeTeX engine
)
(C:\Users\Laptopkaran\AppData\Local\Programs\MiKTeX\tex/xelatex/bidi\rotating-x
etex-bidi.def
File: rotating-xetex-bidi.def 2013/05/22 v0.2 bidi adaptations for rotating pac
kage for XeTeX engine
)
(C:\Users\Laptopkaran\AppData\Local\Programs\MiKTeX\tex/xelatex/bidi\tabulary-x
etex-bidi.def
File: tabulary-xetex-bidi.def 2010/07/25 v0.1 bidi adaptations for tabulary pac
kage for XeTeX engine
)
(C:\Users\Laptopkaran\AppData\Local\Programs\MiKTeX\tex/xelatex/bidi\tocbibind-
xetex-bidi.def
File: tocbibind-xetex-bidi.def 2017/06/09 v0.4 bidi adaptations for tocbibind p
ackage for XeTeX engine
)
(C:\Users\Laptopkaran\AppData\Local\Programs\MiKTeX\tex/xelatex/bidi\tocloft-xe
tex-bidi.def
File: tocloft-xetex-bidi.def 2023/08/02 v0.3 bidi adaptations for tocloft packa
ge for XeTeX engine
)
(C:\Users\Laptopkaran\AppData\Local\Programs\MiKTeX\tex/xelatex/bidi\tc-xetex-b
idi.def
File: tc-xetex-bidi.def 2014/07/08 v0.1 bidi adaptations for Clipping driver fo
r XeTeX engine
)
(C:\Users\Laptopkaran\AppData\Local\Programs\MiKTeX\tex/xelatex/bidi\todonotes-
xetex-bidi.def
File: todonotes-xetex-bidi.def 2016/11/08 v0.4 bidi adaptations for todonotes p
ackage for XeTeX engine
))
(C:\Users\Laptopkaran\AppData\Local\Programs\MiKTeX\tex/xelatex/bidi\loadingord
er-xetex-bidi.def
File: loadingorder-xetex-bidi.def 2017/12/29 v0.97 making sure that bidi is the
 last package loaded
)
\bidi@digits=\count435
\bidi@digits@charclass=\